{"/Users/luki/Applications/javascript/nestjs-realworld-example-app/src/app.controller.ts": {"path":"/Users/luki/Applications/javascript/nestjs-realworld-example-app/src/app.controller.ts","statementMap":{"0":{"start":{"line":1,"column":0},"end":{"line":1,"column":49}},"1":{"start":{"line":4,"column":0},"end":{"line":8,"column":3}},"2":{"start":{"line":7,"column":4},"end":{"line":7,"column":11}},"3":{"start":{"line":6,"column":2},"end":{"line":8,"column":3}},"4":{"start":{"line":4,"column":13},"end":{"line":null,"column":-1}},"5":{"start":{"line":4,"column":13},"end":{"line":4,"column":26}}},"fnMap":{"0":{"name":"(anonymous_2)","decl":{"start":{"line":6,"column":2},"end":{"line":null,"column":-1}},"loc":{"start":{"line":6,"column":2},"end":{"line":8,"column":3}}}},"branchMap":{},"s":{"0":0,"1":0,"2":0,"3":0,"4":0,"5":0},"f":{"0":0},"b":{}}
,"/Users/luki/Applications/javascript/nestjs-realworld-example-app/src/app.module.ts": {"path":"/Users/luki/Applications/javascript/nestjs-realworld-example-app/src/app.module.ts","statementMap":{"0":{"start":{"line":1,"column":0},"end":{"line":1,"column":40}},"1":{"start":{"line":2,"column":0},"end":{"line":2,"column":49}},"2":{"start":{"line":3,"column":0},"end":{"line":3,"column":57}},"3":{"start":{"line":4,"column":0},"end":{"line":4,"column":48}},"4":{"start":{"line":5,"column":0},"end":{"line":5,"column":48}},"5":{"start":{"line":6,"column":0},"end":{"line":6,"column":37}},"6":{"start":{"line":7,"column":0},"end":{"line":7,"column":57}},"7":{"start":{"line":8,"column":0},"end":{"line":8,"column":45}},"8":{"start":{"line":23,"column":0},"end":{"line":24,"column":57}},"9":{"start":{"line":24,"column":31},"end":{"line":null,"column":-1}},"10":{"start":{"line":23,"column":13},"end":{"line":null,"column":-1}},"11":{"start":{"line":23,"column":13},"end":{"line":23,"column":30}}},"fnMap":{"0":{"name":"(anonymous_2)","decl":{"start":{"line":24,"column":2},"end":{"line":24,"column":30}},"loc":{"start":{"line":24,"column":31},"end":{"line":24,"column":57}}}},"branchMap":{"0":{"loc":{"start":{"line":24,"column":53},"end":{"line":null,"column":-1}},"type":"binary-expr","locations":[{"start":{"line":24,"column":53},"end":{"line":null,"column":-1}},{"start":{"line":24,"column":53},"end":{"line":null,"column":-1}}]},"1":{"loc":{"start":{"line":24,"column":43},"end":{"line":24,"column":53}},"type":"binary-expr","locations":[{"start":{"line":24,"column":43},"end":{"line":24,"column":53}}]}},"s":{"0":0,"1":0,"2":0,"3":0,"4":0,"5":0,"6":0,"7":0,"8":0,"9":0,"10":0,"11":0},"f":{"0":0},"b":{"0":[0,0],"1":[0]}}
,"/Users/luki/Applications/javascript/nestjs-realworld-example-app/src/config.ts": {"path":"/Users/luki/Applications/javascript/nestjs-realworld-example-app/src/config.ts","statementMap":{"0":{"start":{"line":1,"column":13},"end":{"line":1,"column":22}}},"fnMap":{},"branchMap":{},"s":{"0":0},"f":{},"b":{}}
,"/Users/luki/Applications/javascript/nestjs-realworld-example-app/src/main.ts": {"path":"/Users/luki/Applications/javascript/nestjs-realworld-example-app/src/main.ts","statementMap":{"0":{"start":{"line":1,"column":0},"end":{"line":1,"column":43}},"1":{"start":{"line":2,"column":0},"end":{"line":2,"column":49}},"2":{"start":{"line":5,"column":14},"end":{"line":5,"column":56}},"3":{"start":{"line":6,"column":2},"end":{"line":6,"column":22}},"4":{"start":{"line":7,"column":2},"end":{"line":7,"column":19}},"5":{"start":{"line":9,"column":0},"end":{"line":null,"column":-1}}},"fnMap":{"0":{"name":"bootstrap","decl":{"start":{"line":4,"column":0},"end":{"line":null,"column":-1}},"loc":{"start":{"line":4,"column":0},"end":{"line":8,"column":1}}}},"branchMap":{},"s":{"0":0,"1":0,"2":0,"3":0,"4":0,"5":0},"f":{"0":0},"b":{}}
,"/Users/luki/Applications/javascript/nestjs-realworld-example-app/src/article/article.controller.ts": {"path":"/Users/luki/Applications/javascript/nestjs-realworld-example-app/src/article/article.controller.ts","statementMap":{"0":{"start":{"line":1,"column":0},"end":{"line":1,"column":91}},"1":{"start":{"line":3,"column":0},"end":{"line":3,"column":51}},"2":{"start":{"line":4,"column":0},"end":{"line":4,"column":67}},"3":{"start":{"line":7,"column":0},"end":{"line":7,"column":46}},"4":{"start":{"line":10,"column":0},"end":{"line":69,"column":3}},"5":{"start":{"line":12,"column":31},"end":{"line":null,"column":-1}},"6":{"start":{"line":16,"column":4},"end":{"line":16,"column":45}},"7":{"start":{"line":21,"column":4},"end":{"line":21,"column":46}},"8":{"start":{"line":26,"column":4},"end":{"line":26,"column":50}},"9":{"start":{"line":31,"column":4},"end":{"line":31,"column":46}},"10":{"start":{"line":37,"column":4},"end":{"line":37,"column":51}},"11":{"start":{"line":42,"column":4},"end":{"line":42,"column":45}},"12":{"start":{"line":47,"column":4},"end":{"line":47,"column":54}},"13":{"start":{"line":52,"column":23},"end":{"line":null,"column":-1}},"14":{"start":{"line":53,"column":4},"end":{"line":53,"column":57}},"15":{"start":{"line":58,"column":4},"end":{"line":58,"column":54}},"16":{"start":{"line":63,"column":4},"end":{"line":63,"column":56}},"17":{"start":{"line":68,"column":4},"end":{"line":68,"column":54}},"18":{"start":{"line":15,"column":2},"end":{"line":17,"column":3}},"19":{"start":{"line":20,"column":2},"end":{"line":22,"column":3}},"20":{"start":{"line":25,"column":2},"end":{"line":27,"column":3}},"21":{"start":{"line":30,"column":2},"end":{"line":32,"column":3}},"22":{"start":{"line":35,"column":2},"end":{"line":38,"column":3}},"23":{"start":{"line":41,"column":2},"end":{"line":43,"column":3}},"24":{"start":{"line":46,"column":2},"end":{"line":48,"column":3}},"25":{"start":{"line":51,"column":2},"end":{"line":54,"column":3}},"26":{"start":{"line":57,"column":2},"end":{"line":59,"column":3}},"27":{"start":{"line":62,"column":2},"end":{"line":64,"column":3}},"28":{"start":{"line":67,"column":2},"end":{"line":69,"column":3}},"29":{"start":{"line":10,"column":13},"end":{"line":null,"column":-1}},"30":{"start":{"line":10,"column":13},"end":{"line":10,"column":30}}},"fnMap":{"0":{"name":"(anonymous_10)","decl":{"start":{"line":12,"column":2},"end":{"line":12,"column":30}},"loc":{"start":{"line":12,"column":31},"end":{"line":12,"column":65}}},"1":{"name":"(anonymous_11)","decl":{"start":{"line":15,"column":8},"end":{"line":15,"column":24}},"loc":{"start":{"line":15,"column":25},"end":{"line":17,"column":3}}},"2":{"name":"(anonymous_13)","decl":{"start":{"line":20,"column":8},"end":{"line":20,"column":30}},"loc":{"start":{"line":20,"column":31},"end":{"line":22,"column":3}}},"3":{"name":"(anonymous_15)","decl":{"start":{"line":25,"column":8},"end":{"line":25,"column":35}},"loc":{"start":{"line":25,"column":36},"end":{"line":27,"column":3}}},"4":{"name":"(anonymous_17)","decl":{"start":{"line":30,"column":8},"end":{"line":30,"column":26}},"loc":{"start":{"line":30,"column":60},"end":{"line":32,"column":3}}},"5":{"name":"(anonymous_19)","decl":{"start":{"line":35,"column":8},"end":{"line":35,"column":23}},"loc":{"start":{"line":35,"column":49},"end":{"line":38,"column":3}}},"6":{"name":"(anonymous_21)","decl":{"start":{"line":41,"column":8},"end":{"line":41,"column":23}},"loc":{"start":{"line":41,"column":24},"end":{"line":43,"column":3}}},"7":{"name":"(anonymous_23)","decl":{"start":{"line":46,"column":8},"end":{"line":46,"column":36}},"loc":{"start":{"line":46,"column":60},"end":{"line":48,"column":3}}},"8":{"name":"(anonymous_25)","decl":{"start":{"line":51,"column":8},"end":{"line":51,"column":30}},"loc":{"start":{"line":51,"column":31},"end":{"line":54,"column":3}}},"9":{"name":"(anonymous_27)","decl":{"start":{"line":57,"column":8},"end":{"line":57,"column":28}},"loc":{"start":{"line":57,"column":60},"end":{"line":59,"column":3}}},"10":{"name":"(anonymous_29)","decl":{"start":{"line":62,"column":8},"end":{"line":62,"column":30}},"loc":{"start":{"line":62,"column":62},"end":{"line":64,"column":3}}},"11":{"name":"(anonymous_31)","decl":{"start":{"line":67,"column":8},"end":{"line":67,"column":27}},"loc":{"start":{"line":67,"column":53},"end":{"line":69,"column":3}}}},"branchMap":{"0":{"loc":{"start":{"line":30,"column":89},"end":{"line":null,"column":-1}},"type":"binary-expr","locations":[{"start":{"line":30,"column":89},"end":{"line":null,"column":-1}},{"start":{"line":30,"column":89},"end":{"line":null,"column":-1}}]},"1":{"loc":{"start":{"line":30,"column":73},"end":{"line":30,"column":89}},"type":"binary-expr","locations":[{"start":{"line":30,"column":73},"end":{"line":30,"column":89}}]},"2":{"loc":{"start":{"line":35,"column":78},"end":{"line":null,"column":-1}},"type":"binary-expr","locations":[{"start":{"line":35,"column":78},"end":{"line":null,"column":-1}},{"start":{"line":35,"column":78},"end":{"line":null,"column":-1}}]},"3":{"loc":{"start":{"line":35,"column":62},"end":{"line":35,"column":78}},"type":"binary-expr","locations":[{"start":{"line":35,"column":62},"end":{"line":35,"column":78}}]},"4":{"loc":{"start":{"line":46,"column":89},"end":{"line":null,"column":-1}},"type":"binary-expr","locations":[{"start":{"line":46,"column":89},"end":{"line":null,"column":-1}},{"start":{"line":46,"column":89},"end":{"line":null,"column":-1}}]},"5":{"loc":{"start":{"line":46,"column":73},"end":{"line":46,"column":89}},"type":"binary-expr","locations":[{"start":{"line":46,"column":73},"end":{"line":46,"column":89}}]},"6":{"loc":{"start":{"line":12,"column":61},"end":{"line":null,"column":-1}},"type":"binary-expr","locations":[{"start":{"line":12,"column":61},"end":{"line":null,"column":-1}},{"start":{"line":12,"column":61},"end":{"line":null,"column":-1}}]},"7":{"loc":{"start":{"line":12,"column":47},"end":{"line":12,"column":61}},"type":"binary-expr","locations":[{"start":{"line":12,"column":47},"end":{"line":12,"column":61}}]}},"s":{"0":0,"1":0,"2":0,"3":0,"4":0,"5":0,"6":0,"7":0,"8":0,"9":0,"10":0,"11":0,"12":0,"13":0,"14":0,"15":0,"16":0,"17":0,"18":0,"19":0,"20":0,"21":0,"22":0,"23":0,"24":0,"25":0,"26":0,"27":0,"28":0,"29":0,"30":0},"f":{"0":0,"1":0,"2":0,"3":0,"4":0,"5":0,"6":0,"7":0,"8":0,"9":0,"10":0,"11":0},"b":{"0":[0,0],"1":[0],"2":[0,0],"3":[0],"4":[0,0],"5":[0],"6":[0,0],"7":[0]}}
,"/Users/luki/Applications/javascript/nestjs-realworld-example-app/src/article/article.dto.ts": {"path":"/Users/luki/Applications/javascript/nestjs-realworld-example-app/src/article/article.dto.ts","statementMap":{"0":{"start":{"line":1,"column":0},"end":{"line":6,"column":1}},"1":{"start":{"line":8,"column":0},"end":{"line":10,"column":1}}},"fnMap":{},"branchMap":{},"s":{"0":0,"1":0},"f":{},"b":{}}
,"/Users/luki/Applications/javascript/nestjs-realworld-example-app/src/article/article.entity.ts": {"path":"/Users/luki/Applications/javascript/nestjs-realworld-example-app/src/article/article.entity.ts","statementMap":{"0":{"start":{"line":1,"column":0},"end":{"line":1,"column":124}},"1":{"start":{"line":2,"column":0},"end":{"line":2,"column":48}},"2":{"start":{"line":3,"column":0},"end":{"line":3,"column":42}},"3":{"start":{"line":6,"column":0},"end":{"line":47,"column":1}},"4":{"start":{"line":31,"column":4},"end":{"line":31,"column":28}},"5":{"start":{"line":9,"column":2},"end":{"line":9,"column":13}},"6":{"start":{"line":12,"column":2},"end":{"line":12,"column":15}},"7":{"start":{"line":15,"column":2},"end":{"line":15,"column":16}},"8":{"start":{"line":18,"column":2},"end":{"line":18,"column":22}},"9":{"start":{"line":21,"column":2},"end":{"line":21,"column":15}},"10":{"start":{"line":24,"column":2},"end":{"line":24,"column":16}},"11":{"start":{"line":23,"column":46},"end":{"line":23,"column":65}},"12":{"start":{"line":27,"column":2},"end":{"line":27,"column":16}},"13":{"start":{"line":26,"column":46},"end":{"line":26,"column":65}},"14":{"start":{"line":30,"column":2},"end":{"line":32,"column":3}},"15":{"start":{"line":35,"column":2},"end":{"line":35,"column":20}},"16":{"start":{"line":39,"column":2},"end":{"line":39,"column":21}},"17":{"start":{"line":37,"column":20},"end":{"line":37,"column":30}},"18":{"start":{"line":43,"column":2},"end":{"line":43,"column":22}},"19":{"start":{"line":41,"column":21},"end":{"line":41,"column":28}},"20":{"start":{"line":41,"column":41},"end":{"line":41,"column":56}},"21":{"start":{"line":46,"column":2},"end":{"line":46,"column":24}},"22":{"start":{"line":6,"column":13},"end":{"line":47,"column":1}},"23":{"start":{"line":6,"column":13},"end":{"line":6,"column":26}}},"fnMap":{"0":{"name":"(anonymous_2)","decl":{"start":{"line":30,"column":2},"end":{"line":30,"column":16}},"loc":{"start":{"line":30,"column":17},"end":{"line":32,"column":3}}},"1":{"name":"(anonymous_3)","decl":{"start":{"line":23,"column":40},"end":{"line":23,"column":42}},"loc":{"start":{"line":23,"column":46},"end":{"line":23,"column":65}}},"2":{"name":"(anonymous_4)","decl":{"start":{"line":26,"column":40},"end":{"line":26,"column":42}},"loc":{"start":{"line":26,"column":46},"end":{"line":26,"column":65}}},"3":{"name":"(anonymous_5)","decl":{"start":{"line":37,"column":12},"end":{"line":37,"column":15}},"loc":{"start":{"line":37,"column":20},"end":{"line":37,"column":30}}},"4":{"name":"(anonymous_6)","decl":{"start":{"line":41,"column":13},"end":{"line":41,"column":16}},"loc":{"start":{"line":41,"column":21},"end":{"line":41,"column":28}}},"5":{"name":"(anonymous_7)","decl":{"start":{"line":41,"column":30},"end":{"line":41,"column":36}},"loc":{"start":{"line":41,"column":41},"end":{"line":41,"column":56}}}},"branchMap":{"0":{"loc":{"start":{"line":39,"column":20},"end":{"line":null,"column":-1}},"type":"binary-expr","locations":[{"start":{"line":39,"column":20},"end":{"line":null,"column":-1}},{"start":{"line":39,"column":20},"end":{"line":null,"column":-1}}]},"1":{"loc":{"start":{"line":39,"column":10},"end":{"line":39,"column":20}},"type":"binary-expr","locations":[{"start":{"line":39,"column":10},"end":{"line":39,"column":20}}]}},"s":{"0":1,"1":1,"2":1,"3":1,"4":0,"5":1,"6":1,"7":1,"8":1,"9":1,"10":1,"11":1,"12":1,"13":1,"14":1,"15":1,"16":1,"17":1,"18":1,"19":1,"20":1,"21":1,"22":1,"23":1},"f":{"0":0,"1":1,"2":1,"3":1,"4":1,"5":1},"b":{"0":[1,0],"1":[1]}}
,"/Users/luki/Applications/javascript/nestjs-realworld-example-app/src/article/article.module.ts": {"path":"/Users/luki/Applications/javascript/nestjs-realworld-example-app/src/article/article.module.ts","statementMap":{"0":{"start":{"line":1,"column":0},"end":{"line":1,"column":88}},"1":{"start":{"line":2,"column":0},"end":{"line":2,"column":57}},"2":{"start":{"line":3,"column":0},"end":{"line":3,"column":48}},"3":{"start":{"line":4,"column":0},"end":{"line":4,"column":49}},"4":{"start":{"line":5,"column":0},"end":{"line":5,"column":43}},"5":{"start":{"line":6,"column":0},"end":{"line":6,"column":49}},"6":{"start":{"line":7,"column":0},"end":{"line":7,"column":58}},"7":{"start":{"line":8,"column":0},"end":{"line":8,"column":51}},"8":{"start":{"line":10,"column":0},"end":{"line":10,"column":49}},"9":{"start":{"line":19,"column":0},"end":{"line":21,"column":3}},"10":{"start":{"line":19,"column":13},"end":{"line":null,"column":-1}},"11":{"start":{"line":19,"column":13},"end":{"line":19,"column":26}}},"fnMap":{"0":{"name":"(anonymous_1)","decl":{"start":{"line":20,"column":9},"end":{"line":20,"column":18}},"loc":{"start":{"line":21,"column":2},"end":{"line":21,"column":3}}}},"branchMap":{},"s":{"0":0,"1":0,"2":0,"3":0,"4":0,"5":0,"6":0,"7":0,"8":0,"9":0,"10":0,"11":0},"f":{"0":0},"b":{}}
,"/Users/luki/Applications/javascript/nestjs-realworld-example-app/src/article/article.service.ts": {"path":"/Users/luki/Applications/javascript/nestjs-realworld-example-app/src/article/article.service.ts","statementMap":{"0":{"start":{"line":1,"column":0},"end":{"line":1,"column":51}},"1":{"start":{"line":2,"column":0},"end":{"line":2,"column":51}},"2":{"start":{"line":3,"column":0},"end":{"line":3,"column":52}},"3":{"start":{"line":4,"column":0},"end":{"line":4,"column":49}},"4":{"start":{"line":5,"column":0},"end":{"line":5,"column":43}},"5":{"start":{"line":6,"column":0},"end":{"line":6,"column":49}},"6":{"start":{"line":7,"column":0},"end":{"line":7,"column":58}},"7":{"start":{"line":11,"column":13},"end":{"line":11,"column":21}},"8":{"start":{"line":14,"column":0},"end":{"line":185,"column":3}},"9":{"start":{"line":17,"column":21},"end":{"line":null,"column":-1}},"10":{"start":{"line":19,"column":21},"end":{"line":null,"column":-1}},"11":{"start":{"line":21,"column":21},"end":{"line":null,"column":-1}},"12":{"start":{"line":23,"column":21},"end":{"line":null,"column":-1}},"13":{"start":{"line":28,"column":15},"end":{"line":29,"column":26}},"14":{"start":{"line":31,"column":4},"end":{"line":31,"column":13}},"15":{"start":{"line":33,"column":4},"end":{"line":35,"column":5}},"16":{"start":{"line":34,"column":6},"end":{"line":34,"column":70}},"17":{"start":{"line":37,"column":4},"end":{"line":40,"column":5}},"18":{"start":{"line":38,"column":21},"end":{"line":38,"column":72}},"19":{"start":{"line":39,"column":6},"end":{"line":39,"column":57}},"20":{"start":{"line":42,"column":4},"end":{"line":46,"column":5}},"21":{"start":{"line":43,"column":21},"end":{"line":43,"column":72}},"22":{"start":{"line":44,"column":18},"end":{"line":44,"column":48}},"23":{"start":{"line":44,"column":45},"end":{"line":44,"column":48}},"24":{"start":{"line":45,"column":6},"end":{"line":45,"column":50}},"25":{"start":{"line":48,"column":4},"end":{"line":48,"column":34}},"26":{"start":{"line":50,"column":4},"end":{"line":52,"column":5}},"27":{"start":{"line":51,"column":6},"end":{"line":51,"column":21}},"28":{"start":{"line":54,"column":4},"end":{"line":56,"column":5}},"29":{"start":{"line":55,"column":6},"end":{"line":55,"column":22}},"30":{"start":{"line":58,"column":21},"end":{"line":58,"column":30}},"31":{"start":{"line":60,"column":4},"end":{"line":60,"column":12}},"32":{"start":{"line":64,"column":21},"end":{"line":64,"column":69}},"33":{"start":{"line":65,"column":16},"end":{"line":65,"column":38}},"34":{"start":{"line":65,"column":35},"end":{"line":65,"column":38}},"35":{"start":{"line":67,"column":15},"end":{"line":69,"column":45}},"36":{"start":{"line":71,"column":4},"end":{"line":71,"column":34}},"37":{"start":{"line":73,"column":4},"end":{"line":75,"column":5}},"38":{"start":{"line":74,"column":6},"end":{"line":74,"column":21}},"39":{"start":{"line":77,"column":4},"end":{"line":79,"column":5}},"40":{"start":{"line":78,"column":6},"end":{"line":78,"column":22}},"41":{"start":{"line":81,"column":21},"end":{"line":81,"column":30}},"42":{"start":{"line":82,"column":4},"end":{"line":82,"column":12}},"43":{"start":{"line":86,"column":20},"end":{"line":86,"column":57}},"44":{"start":{"line":87,"column":4},"end":{"line":87,"column":12}},"45":{"start":{"line":91,"column":18},"end":{"line":91,"column":56}},"46":{"start":{"line":93,"column":20},"end":{"line":93,"column":31}},"47":{"start":{"line":94,"column":4},"end":{"line":94,"column":31}},"48":{"start":{"line":96,"column":4},"end":{"line":96,"column":26}},"49":{"start":{"line":98,"column":4},"end":{"line":98,"column":38}},"50":{"start":{"line":99,"column":4},"end":{"line":99,"column":48}},"51":{"start":{"line":100,"column":4},"end":{"line":100,"column":12}},"52":{"start":{"line":104,"column":18},"end":{"line":104,"column":56}},"53":{"start":{"line":106,"column":20},"end":{"line":106,"column":61}},"54":{"start":{"line":107,"column":24},"end":{"line":107,"column":87}},"55":{"start":{"line":107,"column":63},"end":{"line":107,"column":87}},"56":{"start":{"line":109,"column":4},"end":{"line":116,"column":5}},"57":{"start":{"line":110,"column":29},"end":{"line":110,"column":66}},"58":{"start":{"line":111,"column":6},"end":{"line":111,"column":64}},"59":{"start":{"line":112,"column":6},"end":{"line":112,"column":51}},"60":{"start":{"line":113,"column":6},"end":{"line":113,"column":14}},"61":{"start":{"line":115,"column":6},"end":{"line":115,"column":14}},"62":{"start":{"line":121,"column":18},"end":{"line":121,"column":56}},"63":{"start":{"line":122,"column":17},"end":{"line":122,"column":55}},"64":{"start":{"line":124,"column":26},"end":{"line":124,"column":93}},"65":{"start":{"line":124,"column":63},"end":{"line":124,"column":87}},"66":{"start":{"line":125,"column":4},"end":{"line":131,"column":5}},"67":{"start":{"line":126,"column":6},"end":{"line":126,"column":26}},"68":{"start":{"line":127,"column":6},"end":{"line":127,"column":14}},"69":{"start":{"line":129,"column":6},"end":{"line":129,"column":37}},"70":{"start":{"line":130,"column":6},"end":{"line":130,"column":50}},"71":{"start":{"line":133,"column":4},"end":{"line":133,"column":12}},"72":{"start":{"line":137,"column":18},"end":{"line":137,"column":56}},"73":{"start":{"line":138,"column":17},"end":{"line":138,"column":55}},"74":{"start":{"line":140,"column":24},"end":{"line":140,"column":85}},"75":{"start":{"line":140,"column":61},"end":{"line":140,"column":85}},"76":{"start":{"line":142,"column":4},"end":{"line":149,"column":5}},"77":{"start":{"line":144,"column":6},"end":{"line":144,"column":41}},"78":{"start":{"line":145,"column":6},"end":{"line":145,"column":14}},"79":{"start":{"line":147,"column":6},"end":{"line":147,"column":37}},"80":{"start":{"line":148,"column":6},"end":{"line":148,"column":50}},"81":{"start":{"line":151,"column":4},"end":{"line":151,"column":12}},"82":{"start":{"line":155,"column":20},"end":{"line":155,"column":58}},"83":{"start":{"line":156,"column":4},"end":{"line":156,"column":30}},"84":{"start":{"line":160,"column":19},"end":{"line":160,"column":57}},"85":{"start":{"line":161,"column":18},"end":{"line":161,"column":35}},"86":{"start":{"line":162,"column":4},"end":{"line":162,"column":32}},"87":{"start":{"line":163,"column":4},"end":{"line":163,"column":38}},"88":{"start":{"line":164,"column":4},"end":{"line":164,"column":44}},"89":{"start":{"line":165,"column":4},"end":{"line":165,"column":45}},"90":{"start":{"line":166,"column":4},"end":{"line":166,"column":23}},"91":{"start":{"line":167,"column":4},"end":{"line":167,"column":21}},"92":{"start":{"line":169,"column":4},"end":{"line":169,"column":45}},"93":{"start":{"line":173,"column":19},"end":{"line":173,"column":64}},"94":{"start":{"line":174,"column":18},"end":{"line":174,"column":42}},"95":{"start":{"line":175,"column":20},"end":{"line":175,"column":54}},"96":{"start":{"line":176,"column":4},"end":{"line":176,"column":12}},"97":{"start":{"line":180,"column":4},"end":{"line":180,"column":55}},"98":{"start":{"line":184,"column":4},"end":{"line":184,"column":93}},"99":{"start":{"line":14,"column":13},"end":{"line":null,"column":-1}},"100":{"start":{"line":14,"column":13},"end":{"line":14,"column":27}}},"fnMap":{"0":{"name":"(anonymous_10)","decl":{"start":{"line":15,"column":2},"end":{"line":17,"column":20}},"loc":{"start":{"line":23,"column":21},"end":{"line":24,"column":6}}},"1":{"name":"(anonymous_11)","decl":{"start":{"line":26,"column":8},"end":{"line":26,"column":15}},"loc":{"start":{"line":26,"column":16},"end":{"line":61,"column":3}}},"2":{"name":"(anonymous_13)","decl":{"start":{"line":44,"column":39},"end":{"line":44,"column":44}},"loc":{"start":{"line":44,"column":45},"end":{"line":44,"column":48}}},"3":{"name":"(anonymous_14)","decl":{"start":{"line":63,"column":8},"end":{"line":63,"column":16}},"loc":{"start":{"line":63,"column":33},"end":{"line":83,"column":3}}},"4":{"name":"(anonymous_16)","decl":{"start":{"line":65,"column":29},"end":{"line":65,"column":34}},"loc":{"start":{"line":65,"column":35},"end":{"line":65,"column":38}}},"5":{"name":"(anonymous_17)","decl":{"start":{"line":85,"column":8},"end":{"line":85,"column":15}},"loc":{"start":{"line":85,"column":16},"end":{"line":88,"column":3}}},"6":{"name":"(anonymous_19)","decl":{"start":{"line":90,"column":8},"end":{"line":90,"column":18}},"loc":{"start":{"line":90,"column":33},"end":{"line":101,"column":3}}},"7":{"name":"(anonymous_21)","decl":{"start":{"line":103,"column":8},"end":{"line":103,"column":21}},"loc":{"start":{"line":103,"column":36},"end":{"line":118,"column":3}}},"8":{"name":"(anonymous_23)","decl":{"start":{"line":107,"column":51},"end":{"line":107,"column":62}},"loc":{"start":{"line":107,"column":63},"end":{"line":107,"column":87}}},"9":{"name":"(anonymous_24)","decl":{"start":{"line":120,"column":8},"end":{"line":120,"column":16}},"loc":{"start":{"line":120,"column":29},"end":{"line":134,"column":3}}},"10":{"name":"(anonymous_26)","decl":{"start":{"line":124,"column":51},"end":{"line":124,"column":62}},"loc":{"start":{"line":124,"column":63},"end":{"line":124,"column":87}}},"11":{"name":"(anonymous_27)","decl":{"start":{"line":136,"column":8},"end":{"line":136,"column":18}},"loc":{"start":{"line":136,"column":31},"end":{"line":152,"column":3}}},"12":{"name":"(anonymous_29)","decl":{"start":{"line":140,"column":49},"end":{"line":140,"column":60}},"loc":{"start":{"line":140,"column":61},"end":{"line":140,"column":85}}},"13":{"name":"(anonymous_30)","decl":{"start":{"line":154,"column":8},"end":{"line":154,"column":20}},"loc":{"start":{"line":154,"column":21},"end":{"line":157,"column":3}}},"14":{"name":"(anonymous_32)","decl":{"start":{"line":159,"column":8},"end":{"line":159,"column":14}},"loc":{"start":{"line":159,"column":31},"end":{"line":170,"column":3}}},"15":{"name":"(anonymous_34)","decl":{"start":{"line":172,"column":8},"end":{"line":172,"column":14}},"loc":{"start":{"line":172,"column":29},"end":{"line":177,"column":3}}},"16":{"name":"(anonymous_36)","decl":{"start":{"line":179,"column":8},"end":{"line":179,"column":14}},"loc":{"start":{"line":179,"column":15},"end":{"line":181,"column":3}}},"17":{"name":"(anonymous_38)","decl":{"start":{"line":183,"column":2},"end":{"line":183,"column":9}},"loc":{"start":{"line":183,"column":10},"end":{"line":185,"column":3}}}},"branchMap":{"0":{"loc":{"start":{"line":33,"column":4},"end":{"line":35,"column":5}},"type":"if","locations":[{"start":{"line":33,"column":4},"end":{"line":35,"column":5}},{"start":{"line":33,"column":4},"end":{"line":35,"column":5}}]},"1":{"loc":{"start":{"line":37,"column":4},"end":{"line":40,"column":5}},"type":"if","locations":[{"start":{"line":37,"column":4},"end":{"line":40,"column":5}},{"start":{"line":37,"column":4},"end":{"line":40,"column":5}}]},"2":{"loc":{"start":{"line":42,"column":4},"end":{"line":46,"column":5}},"type":"if","locations":[{"start":{"line":42,"column":4},"end":{"line":46,"column":5}},{"start":{"line":42,"column":4},"end":{"line":46,"column":5}}]},"3":{"loc":{"start":{"line":50,"column":4},"end":{"line":52,"column":5}},"type":"if","locations":[{"start":{"line":50,"column":4},"end":{"line":52,"column":5}},{"start":{"line":50,"column":4},"end":{"line":52,"column":5}}]},"4":{"loc":{"start":{"line":54,"column":4},"end":{"line":56,"column":5}},"type":"if","locations":[{"start":{"line":54,"column":4},"end":{"line":56,"column":5}},{"start":{"line":54,"column":4},"end":{"line":56,"column":5}}]},"5":{"loc":{"start":{"line":73,"column":4},"end":{"line":75,"column":5}},"type":"if","locations":[{"start":{"line":73,"column":4},"end":{"line":75,"column":5}},{"start":{"line":73,"column":4},"end":{"line":75,"column":5}}]},"6":{"loc":{"start":{"line":77,"column":4},"end":{"line":79,"column":5}},"type":"if","locations":[{"start":{"line":77,"column":4},"end":{"line":79,"column":5}},{"start":{"line":77,"column":4},"end":{"line":79,"column":5}}]},"7":{"loc":{"start":{"line":109,"column":4},"end":{"line":116,"column":5}},"type":"if","locations":[{"start":{"line":109,"column":4},"end":{"line":116,"column":5}},{"start":{"line":109,"column":4},"end":{"line":116,"column":5}}]},"8":{"loc":{"start":{"line":125,"column":4},"end":{"line":131,"column":5}},"type":"if","locations":[{"start":{"line":125,"column":4},"end":{"line":131,"column":5}},{"start":{"line":125,"column":4},"end":{"line":131,"column":5}}]},"9":{"loc":{"start":{"line":142,"column":4},"end":{"line":149,"column":5}},"type":"if","locations":[{"start":{"line":142,"column":4},"end":{"line":149,"column":5}},{"start":{"line":142,"column":4},"end":{"line":149,"column":5}}]},"10":{"loc":{"start":{"line":165,"column":22},"end":{"line":165,"column":34}},"type":"binary-expr","locations":[{"start":{"line":165,"column":22},"end":{"line":165,"column":34}},{"start":{"line":165,"column":45},"end":{"line":null,"column":-1}}]},"11":{"loc":{"start":{"line":17,"column":50},"end":{"line":19,"column":39}},"type":"binary-expr","locations":[{"start":{"line":17,"column":50},"end":{"line":19,"column":39}},{"start":{"line":17,"column":50},"end":{"line":19,"column":39}}]},"12":{"loc":{"start":{"line":17,"column":40},"end":{"line":17,"column":50}},"type":"binary-expr","locations":[{"start":{"line":17,"column":40},"end":{"line":17,"column":50}}]},"13":{"loc":{"start":{"line":17,"column":50},"end":{"line":19,"column":50}},"type":"binary-expr","locations":[{"start":{"line":17,"column":50},"end":{"line":19,"column":50}},{"start":{"line":19,"column":50},"end":{"line":21,"column":36}},{"start":{"line":19,"column":50},"end":{"line":21,"column":36}}]},"14":{"loc":{"start":{"line":17,"column":50},"end":{"line":19,"column":50}},"type":"binary-expr","locations":[{"start":{"line":17,"column":50},"end":{"line":19,"column":50}},{"start":{"line":19,"column":40},"end":{"line":19,"column":50}}]},"15":{"loc":{"start":{"line":19,"column":50},"end":{"line":21,"column":47}},"type":"binary-expr","locations":[{"start":{"line":19,"column":50},"end":{"line":21,"column":47}},{"start":{"line":21,"column":47},"end":{"line":23,"column":39}},{"start":{"line":21,"column":47},"end":{"line":23,"column":39}}]},"16":{"loc":{"start":{"line":19,"column":50},"end":{"line":21,"column":47}},"type":"binary-expr","locations":[{"start":{"line":19,"column":50},"end":{"line":21,"column":47}},{"start":{"line":21,"column":37},"end":{"line":21,"column":47}}]},"17":{"loc":{"start":{"line":21,"column":47},"end":{"line":23,"column":50}},"type":"binary-expr","locations":[{"start":{"line":21,"column":47},"end":{"line":23,"column":50}},{"start":{"line":23,"column":50},"end":{"line":null,"column":-1}},{"start":{"line":23,"column":50},"end":{"line":null,"column":-1}}]},"18":{"loc":{"start":{"line":21,"column":47},"end":{"line":23,"column":50}},"type":"binary-expr","locations":[{"start":{"line":21,"column":47},"end":{"line":23,"column":50}},{"start":{"line":23,"column":40},"end":{"line":23,"column":50}}]}},"s":{"0":0,"1":0,"2":0,"3":0,"4":0,"5":0,"6":0,"7":0,"8":0,"9":0,"10":0,"11":0,"12":0,"13":0,"14":0,"15":0,"16":0,"17":0,"18":0,"19":0,"20":0,"21":0,"22":0,"23":0,"24":0,"25":0,"26":0,"27":0,"28":0,"29":0,"30":0,"31":0,"32":0,"33":0,"34":0,"35":0,"36":0,"37":0,"38":0,"39":0,"40":0,"41":0,"42":0,"43":0,"44":0,"45":0,"46":0,"47":0,"48":0,"49":0,"50":0,"51":0,"52":0,"53":0,"54":0,"55":0,"56":0,"57":0,"58":0,"59":0,"60":0,"61":0,"62":0,"63":0,"64":0,"65":0,"66":0,"67":0,"68":0,"69":0,"70":0,"71":0,"72":0,"73":0,"74":0,"75":0,"76":0,"77":0,"78":0,"79":0,"80":0,"81":0,"82":0,"83":0,"84":0,"85":0,"86":0,"87":0,"88":0,"89":0,"90":0,"91":0,"92":0,"93":0,"94":0,"95":0,"96":0,"97":0,"98":0,"99":0,"100":0},"f":{"0":0,"1":0,"2":0,"3":0,"4":0,"5":0,"6":0,"7":0,"8":0,"9":0,"10":0,"11":0,"12":0,"13":0,"14":0,"15":0,"16":0,"17":0},"b":{"0":[0,0],"1":[0,0],"2":[0,0],"3":[0,0],"4":[0,0],"5":[0,0],"6":[0,0],"7":[0,0],"8":[0,0],"9":[0,0],"10":[0,0],"11":[0,0],"12":[0],"13":[0,0,0],"14":[0,0],"15":[0,0,0],"16":[0,0],"17":[0,0,0],"18":[0,0]}}
,"/Users/luki/Applications/javascript/nestjs-realworld-example-app/src/article/comment.entity.ts": {"path":"/Users/luki/Applications/javascript/nestjs-realworld-example-app/src/article/comment.entity.ts","statementMap":{"0":{"start":{"line":1,"column":0},"end":{"line":1,"column":75}},"1":{"start":{"line":2,"column":0},"end":{"line":2,"column":48}},"2":{"start":{"line":5,"column":0},"end":{"line":15,"column":1}},"3":{"start":{"line":8,"column":2},"end":{"line":8,"column":13}},"4":{"start":{"line":11,"column":2},"end":{"line":11,"column":15}},"5":{"start":{"line":14,"column":2},"end":{"line":14,"column":25}},"6":{"start":{"line":13,"column":21},"end":{"line":13,"column":34}},"7":{"start":{"line":13,"column":47},"end":{"line":13,"column":63}},"8":{"start":{"line":5,"column":13},"end":{"line":15,"column":1}},"9":{"start":{"line":5,"column":13},"end":{"line":5,"column":20}}},"fnMap":{"0":{"name":"(anonymous_2)","decl":{"start":{"line":13,"column":13},"end":{"line":13,"column":16}},"loc":{"start":{"line":13,"column":21},"end":{"line":13,"column":34}}},"1":{"name":"(anonymous_3)","decl":{"start":{"line":13,"column":36},"end":{"line":13,"column":42}},"loc":{"start":{"line":13,"column":47},"end":{"line":13,"column":63}}}},"branchMap":{"0":{"loc":{"start":{"line":14,"column":24},"end":{"line":null,"column":-1}},"type":"binary-expr","locations":[{"start":{"line":14,"column":24},"end":{"line":null,"column":-1}},{"start":{"line":14,"column":24},"end":{"line":null,"column":-1}}]},"1":{"loc":{"start":{"line":14,"column":11},"end":{"line":14,"column":24}},"type":"binary-expr","locations":[{"start":{"line":14,"column":11},"end":{"line":14,"column":24}}]}},"s":{"0":1,"1":1,"2":1,"3":1,"4":1,"5":1,"6":1,"7":1,"8":1,"9":1},"f":{"0":1,"1":1},"b":{"0":[0,1],"1":[0]}}
,"/Users/luki/Applications/javascript/nestjs-realworld-example-app/src/profile/follows.entity.ts": {"path":"/Users/luki/Applications/javascript/nestjs-realworld-example-app/src/profile/follows.entity.ts","statementMap":{"0":{"start":{"line":1,"column":0},"end":{"line":1,"column":64}},"1":{"start":{"line":7,"column":0},"end":{"line":18,"column":1}},"2":{"start":{"line":10,"column":2},"end":{"line":10,"column":13}},"3":{"start":{"line":13,"column":2},"end":{"line":13,"column":21}},"4":{"start":{"line":16,"column":2},"end":{"line":16,"column":22}},"5":{"start":{"line":7,"column":13},"end":{"line":18,"column":1}},"6":{"start":{"line":7,"column":13},"end":{"line":7,"column":26}}},"fnMap":{},"branchMap":{},"s":{"0":1,"1":1,"2":1,"3":1,"4":1,"5":1,"6":1},"f":{},"b":{}}
,"/Users/luki/Applications/javascript/nestjs-realworld-example-app/src/profile/profile.controller.ts": {"path":"/Users/luki/Applications/javascript/nestjs-realworld-example-app/src/profile/profile.controller.ts","statementMap":{"0":{"start":{"line":1,"column":0},"end":{"line":1,"column":75}},"1":{"start":{"line":3,"column":0},"end":{"line":3,"column":51}},"2":{"start":{"line":5,"column":0},"end":{"line":5,"column":46}},"3":{"start":{"line":8,"column":0},"end":{"line":25,"column":3}},"4":{"start":{"line":10,"column":31},"end":{"line":null,"column":-1}},"5":{"start":{"line":14,"column":4},"end":{"line":14,"column":57}},"6":{"start":{"line":19,"column":4},"end":{"line":19,"column":52}},"7":{"start":{"line":24,"column":4},"end":{"line":24,"column":54}},"8":{"start":{"line":13,"column":2},"end":{"line":15,"column":3}},"9":{"start":{"line":18,"column":2},"end":{"line":20,"column":3}},"10":{"start":{"line":23,"column":2},"end":{"line":25,"column":3}},"11":{"start":{"line":8,"column":13},"end":{"line":null,"column":-1}},"12":{"start":{"line":8,"column":13},"end":{"line":8,"column":30}}},"fnMap":{"0":{"name":"(anonymous_10)","decl":{"start":{"line":10,"column":2},"end":{"line":10,"column":30}},"loc":{"start":{"line":10,"column":31},"end":{"line":10,"column":65}}},"1":{"name":"(anonymous_11)","decl":{"start":{"line":13,"column":8},"end":{"line":13,"column":30}},"loc":{"start":{"line":13,"column":66},"end":{"line":15,"column":3}}},"2":{"name":"(anonymous_13)","decl":{"start":{"line":18,"column":8},"end":{"line":18,"column":26}},"loc":{"start":{"line":18,"column":62},"end":{"line":20,"column":3}}},"3":{"name":"(anonymous_15)","decl":{"start":{"line":23,"column":8},"end":{"line":23,"column":28}},"loc":{"start":{"line":23,"column":65},"end":{"line":25,"column":3}}}},"branchMap":{"0":{"loc":{"start":{"line":10,"column":61},"end":{"line":null,"column":-1}},"type":"binary-expr","locations":[{"start":{"line":10,"column":61},"end":{"line":null,"column":-1}},{"start":{"line":10,"column":61},"end":{"line":null,"column":-1}}]},"1":{"loc":{"start":{"line":10,"column":47},"end":{"line":10,"column":61}},"type":"binary-expr","locations":[{"start":{"line":10,"column":47},"end":{"line":10,"column":61}}]}},"s":{"0":0,"1":0,"2":0,"3":0,"4":0,"5":0,"6":0,"7":0,"8":0,"9":0,"10":0,"11":0,"12":0},"f":{"0":0,"1":0,"2":0,"3":0},"b":{"0":[0,0],"1":[0]}}
,"/Users/luki/Applications/javascript/nestjs-realworld-example-app/src/profile/profile.module.ts": {"path":"/Users/luki/Applications/javascript/nestjs-realworld-example-app/src/profile/profile.module.ts","statementMap":{"0":{"start":{"line":1,"column":0},"end":{"line":1,"column":86}},"1":{"start":{"line":2,"column":0},"end":{"line":2,"column":57}},"2":{"start":{"line":3,"column":0},"end":{"line":3,"column":48}},"3":{"start":{"line":4,"column":0},"end":{"line":4,"column":51}},"4":{"start":{"line":5,"column":0},"end":{"line":5,"column":49}},"5":{"start":{"line":6,"column":0},"end":{"line":6,"column":47}},"6":{"start":{"line":7,"column":0},"end":{"line":7,"column":47}},"7":{"start":{"line":8,"column":0},"end":{"line":8,"column":55}},"8":{"start":{"line":18,"column":0},"end":{"line":23,"column":3}},"9":{"start":{"line":20,"column":4},"end":{"line":22,"column":75}},"10":{"start":{"line":18,"column":13},"end":{"line":null,"column":-1}},"11":{"start":{"line":18,"column":13},"end":{"line":18,"column":26}}},"fnMap":{"0":{"name":"(anonymous_1)","decl":{"start":{"line":19,"column":9},"end":{"line":19,"column":18}},"loc":{"start":{"line":19,"column":19},"end":{"line":23,"column":3}}}},"branchMap":{},"s":{"0":0,"1":0,"2":0,"3":0,"4":0,"5":0,"6":0,"7":0,"8":0,"9":0,"10":0,"11":0},"f":{"0":0},"b":{}}
,"/Users/luki/Applications/javascript/nestjs-realworld-example-app/src/profile/profile.service.ts": {"path":"/Users/luki/Applications/javascript/nestjs-realworld-example-app/src/profile/profile.service.ts","statementMap":{"0":{"start":{"line":1,"column":0},"end":{"line":1,"column":61}},"1":{"start":{"line":2,"column":0},"end":{"line":2,"column":51}},"2":{"start":{"line":3,"column":0},"end":{"line":3,"column":37}},"3":{"start":{"line":4,"column":0},"end":{"line":4,"column":49}},"4":{"start":{"line":7,"column":0},"end":{"line":7,"column":47}},"5":{"start":{"line":8,"column":0},"end":{"line":8,"column":43}},"6":{"start":{"line":11,"column":0},"end":{"line":101,"column":3}},"7":{"start":{"line":14,"column":21},"end":{"line":null,"column":-1}},"8":{"start":{"line":16,"column":21},"end":{"line":null,"column":-1}},"9":{"start":{"line":20,"column":4},"end":{"line":20,"column":37}},"10":{"start":{"line":24,"column":17},"end":{"line":24,"column":51}},"11":{"start":{"line":25,"column":4},"end":{"line":25,"column":16}},"12":{"start":{"line":26,"column":4},"end":{"line":26,"column":26}},"13":{"start":{"line":26,"column":14},"end":{"line":26,"column":26}},"14":{"start":{"line":27,"column":4},"end":{"line":27,"column":21}},"15":{"start":{"line":31,"column":21},"end":{"line":31,"column":67}},"16":{"start":{"line":33,"column":4},"end":{"line":33,"column":18}},"17":{"start":{"line":33,"column":18},"end":{"line":null,"column":-1}},"18":{"start":{"line":35,"column":31},"end":{"line":38,"column":22}},"19":{"start":{"line":41,"column":20},"end":{"line":41,"column":97}},"20":{"start":{"line":43,"column":4},"end":{"line":45,"column":5}},"21":{"start":{"line":44,"column":6},"end":{"line":44,"column":28}},"22":{"start":{"line":47,"column":4},"end":{"line":47,"column":12}},"23":{"start":{"line":51,"column":4},"end":{"line":53,"column":5}},"24":{"start":{"line":52,"column":6},"end":{"line":52,"column":82}},"25":{"start":{"line":55,"column":26},"end":{"line":55,"column":61}},"26":{"start":{"line":57,"column":4},"end":{"line":59,"column":5}},"27":{"start":{"line":58,"column":6},"end":{"line":58,"column":88}},"28":{"start":{"line":61,"column":21},"end":{"line":61,"column":99}},"29":{"start":{"line":63,"column":4},"end":{"line":68,"column":5}},"30":{"start":{"line":64,"column":22},"end":{"line":64,"column":39}},"31":{"start":{"line":65,"column":6},"end":{"line":65,"column":27}},"32":{"start":{"line":66,"column":6},"end":{"line":66,"column":42}},"33":{"start":{"line":67,"column":6},"end":{"line":67,"column":40}},"34":{"start":{"line":70,"column":31},"end":{"line":74,"column":17}},"35":{"start":{"line":77,"column":4},"end":{"line":77,"column":12}},"36":{"start":{"line":81,"column":4},"end":{"line":83,"column":5}},"37":{"start":{"line":82,"column":6},"end":{"line":82,"column":82}},"38":{"start":{"line":85,"column":26},"end":{"line":85,"column":61}},"39":{"start":{"line":87,"column":4},"end":{"line":89,"column":5}},"40":{"start":{"line":88,"column":6},"end":{"line":88,"column":88}},"41":{"start":{"line":90,"column":24},"end":{"line":90,"column":38}},"42":{"start":{"line":91,"column":4},"end":{"line":91,"column":53}},"43":{"start":{"line":93,"column":31},"end":{"line":97,"column":17}},"44":{"start":{"line":100,"column":4},"end":{"line":100,"column":12}},"45":{"start":{"line":11,"column":13},"end":{"line":null,"column":-1}},"46":{"start":{"line":11,"column":13},"end":{"line":11,"column":27}}},"fnMap":{"0":{"name":"(anonymous_10)","decl":{"start":{"line":12,"column":2},"end":{"line":14,"column":20}},"loc":{"start":{"line":16,"column":21},"end":{"line":17,"column":6}}},"1":{"name":"(anonymous_11)","decl":{"start":{"line":19,"column":8},"end":{"line":null,"column":-1}},"loc":{"start":{"line":19,"column":8},"end":{"line":21,"column":3}}},"2":{"name":"(anonymous_13)","decl":{"start":{"line":23,"column":8},"end":{"line":23,"column":15}},"loc":{"start":{"line":23,"column":16},"end":{"line":28,"column":3}}},"3":{"name":"(anonymous_15)","decl":{"start":{"line":30,"column":8},"end":{"line":30,"column":19}},"loc":{"start":{"line":30,"column":32},"end":{"line":48,"column":3}}},"4":{"name":"(anonymous_17)","decl":{"start":{"line":50,"column":8},"end":{"line":50,"column":14}},"loc":{"start":{"line":50,"column":35},"end":{"line":78,"column":3}}},"5":{"name":"(anonymous_19)","decl":{"start":{"line":80,"column":8},"end":{"line":80,"column":16}},"loc":{"start":{"line":80,"column":37},"end":{"line":101,"column":3}}}},"branchMap":{"0":{"loc":{"start":{"line":26,"column":4},"end":{"line":26,"column":26}},"type":"if","locations":[{"start":{"line":26,"column":4},"end":{"line":26,"column":26}},{"start":{"line":26,"column":4},"end":{"line":26,"column":26}}]},"1":{"loc":{"start":{"line":33,"column":4},"end":{"line":33,"column":18}},"type":"if","locations":[{"start":{"line":33,"column":4},"end":{"line":33,"column":18}},{"start":{"line":33,"column":4},"end":{"line":33,"column":18}}]},"2":{"loc":{"start":{"line":43,"column":4},"end":{"line":45,"column":5}},"type":"if","locations":[{"start":{"line":43,"column":4},"end":{"line":45,"column":5}},{"start":{"line":43,"column":4},"end":{"line":45,"column":5}}]},"3":{"loc":{"start":{"line":51,"column":4},"end":{"line":53,"column":5}},"type":"if","locations":[{"start":{"line":51,"column":4},"end":{"line":53,"column":5}},{"start":{"line":51,"column":4},"end":{"line":53,"column":5}}]},"4":{"loc":{"start":{"line":51,"column":8},"end":{"line":51,"column":9}},"type":"binary-expr","locations":[{"start":{"line":51,"column":8},"end":{"line":51,"column":9}},{"start":{"line":51,"column":23},"end":{"line":51,"column":24}}]},"5":{"loc":{"start":{"line":57,"column":4},"end":{"line":59,"column":5}},"type":"if","locations":[{"start":{"line":57,"column":4},"end":{"line":59,"column":5}},{"start":{"line":57,"column":4},"end":{"line":59,"column":5}}]},"6":{"loc":{"start":{"line":63,"column":4},"end":{"line":68,"column":5}},"type":"if","locations":[{"start":{"line":63,"column":4},"end":{"line":68,"column":5}},{"start":{"line":63,"column":4},"end":{"line":68,"column":5}}]},"7":{"loc":{"start":{"line":81,"column":4},"end":{"line":83,"column":5}},"type":"if","locations":[{"start":{"line":81,"column":4},"end":{"line":83,"column":5}},{"start":{"line":81,"column":4},"end":{"line":83,"column":5}}]},"8":{"loc":{"start":{"line":81,"column":8},"end":{"line":81,"column":9}},"type":"binary-expr","locations":[{"start":{"line":81,"column":8},"end":{"line":81,"column":9}},{"start":{"line":81,"column":23},"end":{"line":81,"column":24}}]},"9":{"loc":{"start":{"line":87,"column":4},"end":{"line":89,"column":5}},"type":"if","locations":[{"start":{"line":87,"column":4},"end":{"line":89,"column":5}},{"start":{"line":87,"column":4},"end":{"line":89,"column":5}}]},"10":{"loc":{"start":{"line":14,"column":47},"end":{"line":16,"column":39}},"type":"binary-expr","locations":[{"start":{"line":14,"column":47},"end":{"line":16,"column":39}},{"start":{"line":14,"column":47},"end":{"line":16,"column":39}}]},"11":{"loc":{"start":{"line":14,"column":37},"end":{"line":14,"column":47}},"type":"binary-expr","locations":[{"start":{"line":14,"column":37},"end":{"line":14,"column":47}}]},"12":{"loc":{"start":{"line":14,"column":47},"end":{"line":16,"column":50}},"type":"binary-expr","locations":[{"start":{"line":14,"column":47},"end":{"line":16,"column":50}},{"start":{"line":16,"column":50},"end":{"line":null,"column":-1}},{"start":{"line":16,"column":50},"end":{"line":null,"column":-1}}]},"13":{"loc":{"start":{"line":14,"column":47},"end":{"line":16,"column":50}},"type":"binary-expr","locations":[{"start":{"line":14,"column":47},"end":{"line":16,"column":50}},{"start":{"line":16,"column":40},"end":{"line":16,"column":50}}]}},"s":{"0":0,"1":0,"2":0,"3":0,"4":0,"5":0,"6":0,"7":0,"8":0,"9":0,"10":0,"11":0,"12":0,"13":0,"14":0,"15":0,"16":0,"17":0,"18":0,"19":0,"20":0,"21":0,"22":0,"23":0,"24":0,"25":0,"26":0,"27":0,"28":0,"29":0,"30":0,"31":0,"32":0,"33":0,"34":0,"35":0,"36":0,"37":0,"38":0,"39":0,"40":0,"41":0,"42":0,"43":0,"44":0,"45":0,"46":0},"f":{"0":0,"1":0,"2":0,"3":0,"4":0,"5":0},"b":{"0":[0,0],"1":[0,0],"2":[0,0],"3":[0,0],"4":[0,0],"5":[0,0],"6":[0,0],"7":[0,0],"8":[0,0],"9":[0,0],"10":[0,0],"11":[0],"12":[0,0,0],"13":[0,0]}}
,"/Users/luki/Applications/javascript/nestjs-realworld-example-app/src/shared/base.controller.ts": {"path":"/Users/luki/Applications/javascript/nestjs-realworld-example-app/src/shared/base.controller.ts","statementMap":{"0":{"start":{"line":1,"column":0},"end":{"line":1,"column":35}},"1":{"start":{"line":2,"column":0},"end":{"line":2,"column":36}},"2":{"start":{"line":9,"column":4},"end":{"line":9,"column":31}},"3":{"start":{"line":9,"column":24},"end":{"line":9,"column":31}},"4":{"start":{"line":11,"column":18},"end":{"line":11,"column":43}},"5":{"start":{"line":12,"column":25},"end":{"line":12,"column":49}},"6":{"start":{"line":13,"column":4},"end":{"line":13,"column":19}},"7":{"start":{"line":4,"column":0},"end":{"line":15,"column":1}}},"fnMap":{"0":{"name":"(anonymous_0)","decl":{"start":{"line":6,"column":2},"end":{"line":6,"column":16}},"loc":{"start":{"line":6,"column":17},"end":{"line":6,"column":18}}},"1":{"name":"(anonymous_1)","decl":{"start":{"line":8,"column":12},"end":{"line":8,"column":30}},"loc":{"start":{"line":8,"column":31},"end":{"line":14,"column":3}}}},"branchMap":{"0":{"loc":{"start":{"line":9,"column":4},"end":{"line":9,"column":31}},"type":"if","locations":[{"start":{"line":9,"column":4},"end":{"line":9,"column":31}},{"start":{"line":9,"column":4},"end":{"line":9,"column":31}}]}},"s":{"0":0,"1":0,"2":0,"3":0,"4":0,"5":0,"6":0,"7":0},"f":{"0":0,"1":0},"b":{"0":[0,0]}}
,"/Users/luki/Applications/javascript/nestjs-realworld-example-app/src/tag/tag.controller.ts": {"path":"/Users/luki/Applications/javascript/nestjs-realworld-example-app/src/tag/tag.controller.ts","statementMap":{"0":{"start":{"line":1,"column":0},"end":{"line":1,"column":76}},"1":{"start":{"line":4,"column":0},"end":{"line":4,"column":42}},"2":{"start":{"line":8,"column":0},"end":{"line":17,"column":1}},"3":{"start":{"line":10,"column":31},"end":{"line":10,"column":53}},"4":{"start":{"line":14,"column":4},"end":{"line":14,"column":43}},"5":{"start":{"line":13,"column":2},"end":{"line":15,"column":3}},"6":{"start":{"line":8,"column":13},"end":{"line":17,"column":1}},"7":{"start":{"line":8,"column":13},"end":{"line":8,"column":26}}},"fnMap":{"0":{"name":"(anonymous_8)","decl":{"start":{"line":10,"column":2},"end":{"line":10,"column":30}},"loc":{"start":{"line":10,"column":53},"end":{"line":10,"column":57}}},"1":{"name":"(anonymous_9)","decl":{"start":{"line":13,"column":8},"end":{"line":13,"column":14}},"loc":{"start":{"line":13,"column":15},"end":{"line":15,"column":3}}}},"branchMap":{"0":{"loc":{"start":{"line":10,"column":53},"end":{"line":null,"column":-1}},"type":"binary-expr","locations":[{"start":{"line":10,"column":53},"end":{"line":null,"column":-1}},{"start":{"line":10,"column":53},"end":{"line":null,"column":-1}}]},"1":{"loc":{"start":{"line":10,"column":43},"end":{"line":10,"column":53}},"type":"binary-expr","locations":[{"start":{"line":10,"column":43},"end":{"line":10,"column":53}}]}},"s":{"0":1,"1":1,"2":1,"3":1,"4":1,"5":1,"6":1,"7":1},"f":{"0":1,"1":1},"b":{"0":[1,0],"1":[1]}}
,"/Users/luki/Applications/javascript/nestjs-realworld-example-app/src/tag/tag.entity.ts": {"path":"/Users/luki/Applications/javascript/nestjs-realworld-example-app/src/tag/tag.entity.ts","statementMap":{"0":{"start":{"line":1,"column":0},"end":{"line":1,"column":76}},"1":{"start":{"line":7,"column":0},"end":{"line":15,"column":1}},"2":{"start":{"line":10,"column":2},"end":{"line":10,"column":13}},"3":{"start":{"line":13,"column":2},"end":{"line":13,"column":14}},"4":{"start":{"line":7,"column":13},"end":{"line":15,"column":1}},"5":{"start":{"line":7,"column":13},"end":{"line":7,"column":22}}},"fnMap":{},"branchMap":{},"s":{"0":1,"1":1,"2":1,"3":1,"4":1,"5":1},"f":{},"b":{}}
,"/Users/luki/Applications/javascript/nestjs-realworld-example-app/src/tag/tag.module.ts": {"path":"/Users/luki/Applications/javascript/nestjs-realworld-example-app/src/tag/tag.module.ts","statementMap":{"0":{"start":{"line":1,"column":0},"end":{"line":1,"column":86}},"1":{"start":{"line":2,"column":0},"end":{"line":2,"column":48}},"2":{"start":{"line":3,"column":0},"end":{"line":3,"column":49}},"3":{"start":{"line":4,"column":0},"end":{"line":4,"column":43}},"4":{"start":{"line":5,"column":0},"end":{"line":5,"column":41}},"5":{"start":{"line":6,"column":0},"end":{"line":6,"column":49}},"6":{"start":{"line":16,"column":0},"end":{"line":18,"column":3}},"7":{"start":{"line":16,"column":13},"end":{"line":null,"column":-1}},"8":{"start":{"line":16,"column":13},"end":{"line":16,"column":22}}},"fnMap":{"0":{"name":"(anonymous_1)","decl":{"start":{"line":17,"column":9},"end":{"line":17,"column":18}},"loc":{"start":{"line":18,"column":2},"end":{"line":18,"column":3}}}},"branchMap":{},"s":{"0":0,"1":0,"2":0,"3":0,"4":0,"5":0,"6":0,"7":0,"8":0},"f":{"0":0},"b":{}}
,"/Users/luki/Applications/javascript/nestjs-realworld-example-app/src/tag/tag.service.ts": {"path":"/Users/luki/Applications/javascript/nestjs-realworld-example-app/src/tag/tag.service.ts","statementMap":{"0":{"start":{"line":1,"column":0},"end":{"line":1,"column":60}},"1":{"start":{"line":2,"column":0},"end":{"line":2,"column":50}},"2":{"start":{"line":3,"column":0},"end":{"line":3,"column":36}},"3":{"start":{"line":4,"column":0},"end":{"line":4,"column":40}},"4":{"start":{"line":7,"column":0},"end":{"line":17,"column":1}},"5":{"start":{"line":10,"column":21},"end":{"line":10,"column":57}},"6":{"start":{"line":14,"column":4},"end":{"line":14,"column":43}},"7":{"start":{"line":7,"column":13},"end":{"line":17,"column":1}},"8":{"start":{"line":7,"column":13},"end":{"line":7,"column":23}}},"fnMap":{"0":{"name":"(anonymous_10)","decl":{"start":{"line":8,"column":2},"end":{"line":10,"column":20}},"loc":{"start":{"line":10,"column":57},"end":{"line":11,"column":6}}},"1":{"name":"(anonymous_11)","decl":{"start":{"line":13,"column":8},"end":{"line":13,"column":14}},"loc":{"start":{"line":13,"column":15},"end":{"line":15,"column":3}}}},"branchMap":{"0":{"loc":{"start":{"line":10,"column":46},"end":{"line":null,"column":-1}},"type":"binary-expr","locations":[{"start":{"line":10,"column":46},"end":{"line":null,"column":-1}},{"start":{"line":10,"column":46},"end":{"line":null,"column":-1}}]},"1":{"loc":{"start":{"line":10,"column":36},"end":{"line":10,"column":46}},"type":"binary-expr","locations":[{"start":{"line":10,"column":36},"end":{"line":10,"column":46}}]}},"s":{"0":1,"1":1,"2":1,"3":1,"4":1,"5":1,"6":0,"7":1,"8":1},"f":{"0":1,"1":0},"b":{"0":[1,0],"1":[1]}}
,"/Users/luki/Applications/javascript/nestjs-realworld-example-app/src/user/CustomEmail.ts": {"path":"/Users/luki/Applications/javascript/nestjs-realworld-example-app/src/user/CustomEmail.ts","statementMap":{"0":{"start":{"line":1,"column":0},"end":{"line":1,"column":103}},"1":{"start":{"line":2,"column":0},"end":{"line":2,"column":43}},"2":{"start":{"line":5,"column":0},"end":{"line":17,"column":3}},"3":{"start":{"line":7,"column":22},"end":{"line":null,"column":-1}},"4":{"start":{"line":11,"column":17},"end":{"line":11,"column":52}},"5":{"start":{"line":12,"column":4},"end":{"line":12,"column":12}},"6":{"start":{"line":16,"column":4},"end":{"line":16,"column":11}},"7":{"start":{"line":5,"column":13},"end":{"line":null,"column":-1}},"8":{"start":{"line":5,"column":13},"end":{"line":5,"column":24}}},"fnMap":{"0":{"name":"(anonymous_8)","decl":{"start":{"line":7,"column":2},"end":{"line":7,"column":21}},"loc":{"start":{"line":7,"column":22},"end":{"line":7,"column":50}}},"1":{"name":"(anonymous_9)","decl":{"start":{"line":9,"column":8},"end":{"line":9,"column":16}},"loc":{"start":{"line":9,"column":31},"end":{"line":13,"column":3}}},"2":{"name":"(anonymous_11)","decl":{"start":{"line":15,"column":2},"end":{"line":15,"column":16}},"loc":{"start":{"line":15,"column":17},"end":{"line":17,"column":3}}}},"branchMap":{"0":{"loc":{"start":{"line":7,"column":46},"end":{"line":null,"column":-1}},"type":"binary-expr","locations":[{"start":{"line":7,"column":46},"end":{"line":null,"column":-1}},{"start":{"line":7,"column":46},"end":{"line":null,"column":-1}}]},"1":{"loc":{"start":{"line":7,"column":35},"end":{"line":7,"column":46}},"type":"binary-expr","locations":[{"start":{"line":7,"column":35},"end":{"line":7,"column":46}}]}},"s":{"0":0,"1":0,"2":0,"3":0,"4":0,"5":0,"6":0,"7":0,"8":0},"f":{"0":0,"1":0,"2":0},"b":{"0":[0,0],"1":[0]}}
,"/Users/luki/Applications/javascript/nestjs-realworld-example-app/src/user/auth.middleware.ts": {"path":"/Users/luki/Applications/javascript/nestjs-realworld-example-app/src/user/auth.middleware.ts","statementMap":{"0":{"start":{"line":1,"column":0},"end":{"line":1,"column":45}},"1":{"start":{"line":2,"column":0},"end":{"line":2,"column":72}},"2":{"start":{"line":5,"column":0},"end":{"line":5,"column":36}},"3":{"start":{"line":6,"column":0},"end":{"line":6,"column":35}},"4":{"start":{"line":7,"column":0},"end":{"line":7,"column":45}},"5":{"start":{"line":10,"column":0},"end":{"line":33,"column":3}},"6":{"start":{"line":11,"column":31},"end":{"line":null,"column":-1}},"7":{"start":{"line":15,"column":4},"end":{"line":32,"column":5}},"8":{"start":{"line":15,"column":47},"end":{"line":32,"column":5}},"9":{"start":{"line":16,"column":6},"end":{"line":31,"column":7}},"10":{"start":{"line":17,"column":23},"end":{"line":17,"column":71}},"11":{"start":{"line":18,"column":29},"end":{"line":18,"column":53}},"12":{"start":{"line":19,"column":21},"end":{"line":19,"column":61}},"13":{"start":{"line":21,"column":8},"end":{"line":23,"column":9}},"14":{"start":{"line":22,"column":10},"end":{"line":22,"column":64}},"15":{"start":{"line":25,"column":8},"end":{"line":25,"column":19}},"16":{"start":{"line":26,"column":8},"end":{"line":null,"column":-1}},"17":{"start":{"line":29,"column":8},"end":{"line":29,"column":62}},"18":{"start":{"line":10,"column":13},"end":{"line":null,"column":-1}},"19":{"start":{"line":10,"column":13},"end":{"line":10,"column":27}}},"fnMap":{"0":{"name":"(anonymous_8)","decl":{"start":{"line":11,"column":2},"end":{"line":11,"column":30}},"loc":{"start":{"line":11,"column":31},"end":{"line":11,"column":59}}},"1":{"name":"(anonymous_9)","decl":{"start":{"line":13,"column":2},"end":{"line":null,"column":-1}},"loc":{"start":{"line":13,"column":2},"end":{"line":33,"column":3}}},"2":{"name":"(anonymous_10)","decl":{"start":{"line":15,"column":11},"end":{"line":15,"column":18}},"loc":{"start":{"line":15,"column":47},"end":{"line":32,"column":5}}},"3":{"name":"(anonymous_11)","decl":{"start":{"line":15,"column":47},"end":{"line":null,"column":-1}},"loc":{"start":{"line":15,"column":47},"end":{"line":32,"column":5}}}},"branchMap":{"0":{"loc":{"start":{"line":16,"column":6},"end":{"line":31,"column":7}},"type":"if","locations":[{"start":{"line":16,"column":6},"end":{"line":31,"column":7}},{"start":{"line":16,"column":6},"end":{"line":31,"column":7}}]},"1":{"loc":{"start":{"line":16,"column":10},"end":{"line":16,"column":22}},"type":"binary-expr","locations":[{"start":{"line":16,"column":10},"end":{"line":16,"column":22}},{"start":{"line":16,"column":40},"end":{"line":16,"column":95}}]},"2":{"loc":{"start":{"line":21,"column":8},"end":{"line":23,"column":9}},"type":"if","locations":[{"start":{"line":21,"column":8},"end":{"line":23,"column":9}},{"start":{"line":21,"column":8},"end":{"line":23,"column":9}}]},"3":{"loc":{"start":{"line":11,"column":55},"end":{"line":null,"column":-1}},"type":"binary-expr","locations":[{"start":{"line":11,"column":55},"end":{"line":null,"column":-1}},{"start":{"line":11,"column":55},"end":{"line":null,"column":-1}}]},"4":{"loc":{"start":{"line":11,"column":44},"end":{"line":11,"column":55}},"type":"binary-expr","locations":[{"start":{"line":11,"column":44},"end":{"line":11,"column":55}}]}},"s":{"0":0,"1":0,"2":0,"3":0,"4":0,"5":0,"6":0,"7":0,"8":0,"9":0,"10":0,"11":0,"12":0,"13":0,"14":0,"15":0,"16":0,"17":0,"18":0,"19":0},"f":{"0":0,"1":0,"2":0,"3":0},"b":{"0":[0,0],"1":[0,0],"2":[0,0],"3":[0,0],"4":[0]}}
,"/Users/luki/Applications/javascript/nestjs-realworld-example-app/src/user/user.controller.ts": {"path":"/Users/luki/Applications/javascript/nestjs-realworld-example-app/src/user/user.controller.ts","statementMap":{"0":{"start":{"line":1,"column":0},"end":{"line":1,"column":81}},"1":{"start":{"line":3,"column":0},"end":{"line":3,"column":45}},"2":{"start":{"line":6,"column":0},"end":{"line":6,"column":72}},"3":{"start":{"line":7,"column":0},"end":{"line":7,"column":45}},"4":{"start":{"line":8,"column":0},"end":{"line":8,"column":33}},"5":{"start":{"line":9,"column":0},"end":{"line":9,"column":40}},"6":{"start":{"line":12,"column":0},"end":{"line":51,"column":3}},"7":{"start":{"line":14,"column":31},"end":{"line":null,"column":-1}},"8":{"start":{"line":18,"column":4},"end":{"line":18,"column":43}},"9":{"start":{"line":23,"column":4},"end":{"line":23,"column":49}},"10":{"start":{"line":28,"column":4},"end":{"line":28,"column":35}},"11":{"start":{"line":33,"column":4},"end":{"line":33,"column":48}},"12":{"start":{"line":38,"column":18},"end":{"line":41,"column":77}},"13":{"start":{"line":45,"column":4},"end":{"line":45,"column":59}},"14":{"start":{"line":45,"column":16},"end":{"line":45,"column":59}},"15":{"start":{"line":47,"column":18},"end":{"line":47,"column":53}},"16":{"start":{"line":48,"column":42},"end":{"line":null,"column":-1}},"17":{"start":{"line":49,"column":17},"end":{"line":49,"column":47}},"18":{"start":{"line":50,"column":4},"end":{"line":50,"column":12}},"19":{"start":{"line":17,"column":2},"end":{"line":19,"column":3}},"20":{"start":{"line":22,"column":2},"end":{"line":24,"column":3}},"21":{"start":{"line":27,"column":2},"end":{"line":29,"column":3}},"22":{"start":{"line":32,"column":2},"end":{"line":34,"column":3}},"23":{"start":{"line":37,"column":2},"end":{"line":51,"column":3}},"24":{"start":{"line":12,"column":13},"end":{"line":null,"column":-1}},"25":{"start":{"line":12,"column":13},"end":{"line":12,"column":27}}},"fnMap":{"0":{"name":"(anonymous_10)","decl":{"start":{"line":14,"column":2},"end":{"line":14,"column":30}},"loc":{"start":{"line":14,"column":31},"end":{"line":14,"column":59}}},"1":{"name":"(anonymous_11)","decl":{"start":{"line":17,"column":8},"end":{"line":17,"column":26}},"loc":{"start":{"line":17,"column":27},"end":{"line":19,"column":3}}},"2":{"name":"(anonymous_13)","decl":{"start":{"line":22,"column":8},"end":{"line":22,"column":26}},"loc":{"start":{"line":22,"column":57},"end":{"line":24,"column":3}}},"3":{"name":"(anonymous_15)","decl":{"start":{"line":27,"column":8},"end":{"line":27,"column":28}},"loc":{"start":{"line":27,"column":29},"end":{"line":29,"column":3}}},"4":{"name":"(anonymous_17)","decl":{"start":{"line":32,"column":8},"end":{"line":32,"column":23}},"loc":{"start":{"line":32,"column":24},"end":{"line":34,"column":3}}},"5":{"name":"(anonymous_19)","decl":{"start":{"line":37,"column":8},"end":{"line":37,"column":27}},"loc":{"start":{"line":37,"column":28},"end":{"line":51,"column":3}}}},"branchMap":{"0":{"loc":{"start":{"line":45,"column":4},"end":{"line":45,"column":59}},"type":"if","locations":[{"start":{"line":45,"column":4},"end":{"line":45,"column":59}},{"start":{"line":45,"column":4},"end":{"line":45,"column":59}}]},"1":{"loc":{"start":{"line":22,"column":80},"end":{"line":null,"column":-1}},"type":"binary-expr","locations":[{"start":{"line":22,"column":80},"end":{"line":null,"column":-1}},{"start":{"line":22,"column":80},"end":{"line":null,"column":-1}}]},"2":{"loc":{"start":{"line":22,"column":67},"end":{"line":22,"column":80}},"type":"binary-expr","locations":[{"start":{"line":22,"column":67},"end":{"line":22,"column":80}}]},"3":{"loc":{"start":{"line":27,"column":52},"end":{"line":null,"column":-1}},"type":"binary-expr","locations":[{"start":{"line":27,"column":52},"end":{"line":null,"column":-1}},{"start":{"line":27,"column":52},"end":{"line":null,"column":-1}}]},"4":{"loc":{"start":{"line":27,"column":39},"end":{"line":27,"column":52}},"type":"binary-expr","locations":[{"start":{"line":27,"column":39},"end":{"line":27,"column":52}}]},"5":{"loc":{"start":{"line":37,"column":55},"end":{"line":null,"column":-1}},"type":"binary-expr","locations":[{"start":{"line":37,"column":55},"end":{"line":null,"column":-1}},{"start":{"line":37,"column":55},"end":{"line":null,"column":-1}}]},"6":{"loc":{"start":{"line":37,"column":43},"end":{"line":37,"column":55}},"type":"binary-expr","locations":[{"start":{"line":37,"column":43},"end":{"line":37,"column":55}}]},"7":{"loc":{"start":{"line":14,"column":55},"end":{"line":null,"column":-1}},"type":"binary-expr","locations":[{"start":{"line":14,"column":55},"end":{"line":null,"column":-1}},{"start":{"line":14,"column":55},"end":{"line":null,"column":-1}}]},"8":{"loc":{"start":{"line":14,"column":44},"end":{"line":14,"column":55}},"type":"binary-expr","locations":[{"start":{"line":14,"column":44},"end":{"line":14,"column":55}}]}},"s":{"0":0,"1":0,"2":0,"3":0,"4":0,"5":0,"6":0,"7":0,"8":0,"9":0,"10":0,"11":0,"12":0,"13":0,"14":0,"15":0,"16":0,"17":0,"18":0,"19":0,"20":0,"21":0,"22":0,"23":0,"24":0,"25":0},"f":{"0":0,"1":0,"2":0,"3":0,"4":0,"5":0},"b":{"0":[0,0],"1":[0,0],"2":[0],"3":[0,0],"4":[0],"5":[0,0],"6":[0],"7":[0,0],"8":[0]}}
,"/Users/luki/Applications/javascript/nestjs-realworld-example-app/src/user/user.decorator.ts": {"path":"/Users/luki/Applications/javascript/nestjs-realworld-example-app/src/user/user.decorator.ts","statementMap":{"0":{"start":{"line":1,"column":0},"end":{"line":1,"column":59}},"1":{"start":{"line":2,"column":0},"end":{"line":2,"column":35}},"2":{"start":{"line":3,"column":0},"end":{"line":3,"column":36}},"3":{"start":{"line":5,"column":13},"end":{"line":5,"column":20}},"4":{"start":{"line":8,"column":2},"end":{"line":10,"column":3}},"5":{"start":{"line":9,"column":4},"end":{"line":9,"column":41}},"6":{"start":{"line":13,"column":16},"end":{"line":13,"column":95}},"7":{"start":{"line":15,"column":2},"end":{"line":18,"column":3}},"8":{"start":{"line":16,"column":25},"end":{"line":16,"column":52}},"9":{"start":{"line":17,"column":4},"end":{"line":17,"column":44}}},"fnMap":{"0":{"name":"(anonymous_0)","decl":{"start":{"line":5,"column":46},"end":{"line":5,"column":47}},"loc":{"start":{"line":5,"column":53},"end":{"line":5,"column":20}}}},"branchMap":{"0":{"loc":{"start":{"line":8,"column":2},"end":{"line":10,"column":3}},"type":"if","locations":[{"start":{"line":8,"column":2},"end":{"line":10,"column":3}},{"start":{"line":8,"column":2},"end":{"line":10,"column":3}}]},"1":{"loc":{"start":{"line":9,"column":20},"end":{"line":9,"column":29}},"type":"cond-expr","locations":[{"start":{"line":9,"column":20},"end":{"line":9,"column":29}},{"start":{"line":9,"column":37},"end":{"line":9,"column":41}}]},"2":{"loc":{"start":{"line":13,"column":45},"end":{"line":13,"column":88}},"type":"cond-expr","locations":[{"start":{"line":13,"column":45},"end":{"line":13,"column":88}},{"start":{"line":13,"column":95},"end":{"line":null,"column":-1}}]},"3":{"loc":{"start":{"line":15,"column":2},"end":{"line":18,"column":3}},"type":"if","locations":[{"start":{"line":15,"column":2},"end":{"line":18,"column":3}},{"start":{"line":15,"column":2},"end":{"line":18,"column":3}}]},"4":{"loc":{"start":{"line":15,"column":6},"end":{"line":15,"column":14}},"type":"binary-expr","locations":[{"start":{"line":15,"column":6},"end":{"line":15,"column":14}},{"start":{"line":15,"column":15},"end":{"line":15,"column":21}}]},"5":{"loc":{"start":{"line":17,"column":20},"end":{"line":17,"column":28}},"type":"cond-expr","locations":[{"start":{"line":17,"column":20},"end":{"line":17,"column":28}},{"start":{"line":17,"column":36},"end":{"line":17,"column":44}}]}},"s":{"0":0,"1":0,"2":0,"3":0,"4":0,"5":0,"6":0,"7":0,"8":0,"9":0},"f":{"0":0},"b":{"0":[0,0],"1":[0,0],"2":[0,0],"3":[0,0],"4":[0,0],"5":[0,0]}}
,"/Users/luki/Applications/javascript/nestjs-realworld-example-app/src/user/user.dto.ts": {"path":"/Users/luki/Applications/javascript/nestjs-realworld-example-app/src/user/user.dto.ts","statementMap":{"0":{"start":{"line":1,"column":0},"end":{"line":5,"column":1}},"1":{"start":{"line":7,"column":0},"end":{"line":12,"column":1}},"2":{"start":{"line":15,"column":0},"end":{"line":18,"column":1}}},"fnMap":{},"branchMap":{},"s":{"0":0,"1":0,"2":0},"f":{},"b":{}}
,"/Users/luki/Applications/javascript/nestjs-realworld-example-app/src/user/user.entity.ts": {"path":"/Users/luki/Applications/javascript/nestjs-realworld-example-app/src/user/user.entity.ts","statementMap":{"0":{"start":{"line":1,"column":0},"end":{"line":1,"column":99}},"1":{"start":{"line":2,"column":0},"end":{"line":2,"column":49}},"2":{"start":{"line":3,"column":0},"end":{"line":3,"column":32}},"3":{"start":{"line":5,"column":0},"end":{"line":5,"column":57}},"4":{"start":{"line":8,"column":0},"end":{"line":38,"column":1}},"5":{"start":{"line":31,"column":4},"end":{"line":31,"column":77}},"6":{"start":{"line":11,"column":2},"end":{"line":11,"column":13}},"7":{"start":{"line":14,"column":2},"end":{"line":14,"column":19}},"8":{"start":{"line":18,"column":2},"end":{"line":18,"column":16}},"9":{"start":{"line":21,"column":2},"end":{"line":21,"column":14}},"10":{"start":{"line":24,"column":2},"end":{"line":24,"column":16}},"11":{"start":{"line":27,"column":2},"end":{"line":27,"column":19}},"12":{"start":{"line":30,"column":2},"end":{"line":32,"column":3}},"13":{"start":{"line":36,"column":2},"end":{"line":36,"column":28}},"14":{"start":{"line":34,"column":22},"end":{"line":34,"column":35}},"15":{"start":{"line":8,"column":13},"end":{"line":38,"column":1}},"16":{"start":{"line":8,"column":13},"end":{"line":8,"column":23}}},"fnMap":{"0":{"name":"(anonymous_2)","decl":{"start":{"line":30,"column":2},"end":{"line":30,"column":13}},"loc":{"start":{"line":30,"column":14},"end":{"line":32,"column":3}}},"1":{"name":"(anonymous_3)","decl":{"start":{"line":34,"column":14},"end":{"line":34,"column":17}},"loc":{"start":{"line":34,"column":22},"end":{"line":34,"column":35}}}},"branchMap":{},"s":{"0":1,"1":1,"2":1,"3":1,"4":1,"5":0,"6":1,"7":1,"8":1,"9":1,"10":1,"11":1,"12":1,"13":1,"14":1,"15":1,"16":1},"f":{"0":0,"1":1},"b":{}}
,"/Users/luki/Applications/javascript/nestjs-realworld-example-app/src/user/user.module.ts": {"path":"/Users/luki/Applications/javascript/nestjs-realworld-example-app/src/user/user.module.ts","statementMap":{"0":{"start":{"line":1,"column":0},"end":{"line":1,"column":86}},"1":{"start":{"line":2,"column":0},"end":{"line":2,"column":51}},"2":{"start":{"line":3,"column":0},"end":{"line":3,"column":48}},"3":{"start":{"line":4,"column":0},"end":{"line":4,"column":43}},"4":{"start":{"line":5,"column":0},"end":{"line":5,"column":45}},"5":{"start":{"line":6,"column":0},"end":{"line":6,"column":51}},"6":{"start":{"line":16,"column":0},"end":{"line":21,"column":3}},"7":{"start":{"line":18,"column":4},"end":{"line":20,"column":97}},"8":{"start":{"line":16,"column":13},"end":{"line":null,"column":-1}},"9":{"start":{"line":16,"column":13},"end":{"line":16,"column":23}}},"fnMap":{"0":{"name":"(anonymous_1)","decl":{"start":{"line":17,"column":9},"end":{"line":17,"column":18}},"loc":{"start":{"line":17,"column":19},"end":{"line":21,"column":3}}}},"branchMap":{},"s":{"0":0,"1":0,"2":0,"3":0,"4":0,"5":0,"6":0,"7":0,"8":0,"9":0},"f":{"0":0},"b":{}}
,"/Users/luki/Applications/javascript/nestjs-realworld-example-app/src/user/user.service.ts": {"path":"/Users/luki/Applications/javascript/nestjs-realworld-example-app/src/user/user.service.ts","statementMap":{"0":{"start":{"line":1,"column":0},"end":{"line":1,"column":51}},"1":{"start":{"line":2,"column":0},"end":{"line":2,"column":51}},"2":{"start":{"line":3,"column":0},"end":{"line":3,"column":37}},"3":{"start":{"line":4,"column":0},"end":{"line":4,"column":43}},"4":{"start":{"line":6,"column":12},"end":{"line":6,"column":20}},"5":{"start":{"line":7,"column":0},"end":{"line":7,"column":35}},"6":{"start":{"line":10,"column":0},"end":{"line":10,"column":43}},"7":{"start":{"line":11,"column":0},"end":{"line":11,"column":45}},"8":{"start":{"line":12,"column":0},"end":{"line":12,"column":44}},"9":{"start":{"line":15,"column":0},"end":{"line":93,"column":3}},"10":{"start":{"line":18,"column":21},"end":{"line":null,"column":-1}},"11":{"start":{"line":22,"column":4},"end":{"line":22,"column":37}},"12":{"start":{"line":26,"column":4},"end":{"line":26,"column":45}},"13":{"start":{"line":31,"column":15},"end":{"line":31,"column":29}},"14":{"start":{"line":32,"column":4},"end":{"line":32,"column":29}},"15":{"start":{"line":33,"column":4},"end":{"line":33,"column":26}},"16":{"start":{"line":34,"column":4},"end":{"line":34,"column":29}},"17":{"start":{"line":36,"column":19},"end":{"line":36,"column":34}},"18":{"start":{"line":37,"column":4},"end":{"line":52,"column":5}},"19":{"start":{"line":38,"column":6},"end":{"line":38,"column":18}},"20":{"start":{"line":39,"column":6},"end":{"line":39,"column":59}},"21":{"start":{"line":42,"column":24},"end":{"line":42,"column":55}},"22":{"start":{"line":43,"column":21},"end":{"line":48,"column":25}},"23":{"start":{"line":51,"column":6},"end":{"line":51,"column":20}},"24":{"start":{"line":57,"column":19},"end":{"line":57,"column":57}},"25":{"start":{"line":58,"column":4},"end":{"line":58,"column":20}},"26":{"start":{"line":59,"column":4},"end":{"line":59,"column":20}},"27":{"start":{"line":60,"column":4},"end":{"line":60,"column":37}},"28":{"start":{"line":60,"column":21},"end":{"line":60,"column":37}},"29":{"start":{"line":62,"column":18},"end":{"line":62,"column":42}},"30":{"start":{"line":63,"column":4},"end":{"line":63,"column":42}},"31":{"start":{"line":67,"column":4},"end":{"line":67,"column":53}},"32":{"start":{"line":71,"column":17},"end":{"line":71,"column":55}},"33":{"start":{"line":72,"column":4},"end":{"line":72,"column":26}},"34":{"start":{"line":72,"column":14},"end":{"line":72,"column":26}},"35":{"start":{"line":73,"column":4},"end":{"line":73,"column":11}},"36":{"start":{"line":77,"column":17},"end":{"line":77,"column":59}},"37":{"start":{"line":78,"column":4},"end":{"line":78,"column":26}},"38":{"start":{"line":78,"column":14},"end":{"line":78,"column":26}},"39":{"start":{"line":79,"column":4},"end":{"line":79,"column":11}},"40":{"start":{"line":83,"column":16},"end":{"line":83,"column":20}},"41":{"start":{"line":84,"column":14},"end":{"line":84,"column":23}},"42":{"start":{"line":85,"column":4},"end":{"line":85,"column":34}},"43":{"start":{"line":87,"column":4},"end":{"line":92,"column":13}},"44":{"start":{"line":15,"column":13},"end":{"line":null,"column":-1}},"45":{"start":{"line":15,"column":13},"end":{"line":15,"column":24}}},"fnMap":{"0":{"name":"(anonymous_10)","decl":{"start":{"line":16,"column":2},"end":{"line":18,"column":20}},"loc":{"start":{"line":18,"column":21},"end":{"line":19,"column":6}}},"1":{"name":"(anonymous_11)","decl":{"start":{"line":21,"column":8},"end":{"line":null,"column":-1}},"loc":{"start":{"line":21,"column":8},"end":{"line":23,"column":3}}},"2":{"name":"(anonymous_13)","decl":{"start":{"line":25,"column":8},"end":{"line":25,"column":15}},"loc":{"start":{"line":25,"column":16},"end":{"line":27,"column":3}}},"3":{"name":"(anonymous_15)","decl":{"start":{"line":29,"column":8},"end":{"line":29,"column":14}},"loc":{"start":{"line":29,"column":15},"end":{"line":54,"column":3}}},"4":{"name":"(anonymous_17)","decl":{"start":{"line":56,"column":8},"end":{"line":56,"column":14}},"loc":{"start":{"line":56,"column":27},"end":{"line":64,"column":3}}},"5":{"name":"(anonymous_19)","decl":{"start":{"line":66,"column":8},"end":{"line":66,"column":14}},"loc":{"start":{"line":66,"column":15},"end":{"line":68,"column":3}}},"6":{"name":"(anonymous_21)","decl":{"start":{"line":70,"column":8},"end":{"line":70,"column":16}},"loc":{"start":{"line":70,"column":17},"end":{"line":74,"column":3}}},"7":{"name":"(anonymous_23)","decl":{"start":{"line":76,"column":8},"end":{"line":76,"column":19}},"loc":{"start":{"line":76,"column":20},"end":{"line":80,"column":3}}},"8":{"name":"(anonymous_25)","decl":{"start":{"line":82,"column":9},"end":{"line":82,"column":20}},"loc":{"start":{"line":82,"column":21},"end":{"line":93,"column":3}}}},"branchMap":{"0":{"loc":{"start":{"line":37,"column":4},"end":{"line":52,"column":5}},"type":"if","locations":[{"start":{"line":37,"column":4},"end":{"line":52,"column":5}},{"start":{"line":37,"column":4},"end":{"line":52,"column":5}}]},"1":{"loc":{"start":{"line":60,"column":4},"end":{"line":60,"column":37}},"type":"if","locations":[{"start":{"line":60,"column":4},"end":{"line":60,"column":37}},{"start":{"line":60,"column":4},"end":{"line":60,"column":37}}]},"2":{"loc":{"start":{"line":72,"column":4},"end":{"line":72,"column":26}},"type":"if","locations":[{"start":{"line":72,"column":4},"end":{"line":72,"column":26}},{"start":{"line":72,"column":4},"end":{"line":72,"column":26}}]},"3":{"loc":{"start":{"line":78,"column":4},"end":{"line":78,"column":26}},"type":"if","locations":[{"start":{"line":78,"column":4},"end":{"line":78,"column":26}},{"start":{"line":78,"column":4},"end":{"line":78,"column":26}}]},"4":{"loc":{"start":{"line":18,"column":47},"end":{"line":null,"column":-1}},"type":"binary-expr","locations":[{"start":{"line":18,"column":47},"end":{"line":null,"column":-1}},{"start":{"line":18,"column":47},"end":{"line":null,"column":-1}}]},"5":{"loc":{"start":{"line":18,"column":37},"end":{"line":18,"column":47}},"type":"binary-expr","locations":[{"start":{"line":18,"column":37},"end":{"line":18,"column":47}}]}},"s":{"0":0,"1":0,"2":0,"3":0,"4":0,"5":0,"6":0,"7":0,"8":0,"9":0,"10":0,"11":0,"12":0,"13":0,"14":0,"15":0,"16":0,"17":0,"18":0,"19":0,"20":0,"21":0,"22":0,"23":0,"24":0,"25":0,"26":0,"27":0,"28":0,"29":0,"30":0,"31":0,"32":0,"33":0,"34":0,"35":0,"36":0,"37":0,"38":0,"39":0,"40":0,"41":0,"42":0,"43":0,"44":0,"45":0},"f":{"0":0,"1":0,"2":0,"3":0,"4":0,"5":0,"6":0,"7":0,"8":0},"b":{"0":[0,0],"1":[0,0],"2":[0,0],"3":[0,0],"4":[0,0],"5":[0]}}
}
