TN:
SF:/Users/luki/Applications/javascript/nestjs-realworld-example-app/src/app.controller.ts
FN:6,(anonymous_2)
FNF:1
FNH:0
FNDA:0,(anonymous_2)
DA:1,0
DA:4,0
DA:6,0
DA:7,0
LF:4
LH:0
BRF:0
BRH:0
end_of_record
TN:
SF:/Users/luki/Applications/javascript/nestjs-realworld-example-app/src/app.module.ts
FN:24,(anonymous_2)
FNF:1
FNH:0
FNDA:0,(anonymous_2)
DA:1,0
DA:2,0
DA:3,0
DA:4,0
DA:5,0
DA:6,0
DA:7,0
DA:8,0
DA:23,0
DA:24,0
LF:10
LH:0
BRDA:24,0,0,0
BRDA:24,0,1,0
BRDA:24,1,0,0
BRF:3
BRH:0
end_of_record
TN:
SF:/Users/luki/Applications/javascript/nestjs-realworld-example-app/src/config.ts
FNF:0
FNH:0
DA:1,0
LF:1
LH:0
BRF:0
BRH:0
end_of_record
TN:
SF:/Users/luki/Applications/javascript/nestjs-realworld-example-app/src/main.ts
FN:4,bootstrap
FNF:1
FNH:0
FNDA:0,bootstrap
DA:1,0
DA:2,0
DA:5,0
DA:6,0
DA:7,0
DA:9,0
LF:6
LH:0
BRF:0
BRH:0
end_of_record
TN:
SF:/Users/luki/Applications/javascript/nestjs-realworld-example-app/src/article/article.controller.ts
FN:12,(anonymous_10)
FN:15,(anonymous_11)
FN:20,(anonymous_13)
FN:25,(anonymous_15)
FN:30,(anonymous_17)
FN:35,(anonymous_19)
FN:41,(anonymous_21)
FN:46,(anonymous_23)
FN:51,(anonymous_25)
FN:57,(anonymous_27)
FN:62,(anonymous_29)
FN:67,(anonymous_31)
FNF:12
FNH:0
FNDA:0,(anonymous_10)
FNDA:0,(anonymous_11)
FNDA:0,(anonymous_13)
FNDA:0,(anonymous_15)
FNDA:0,(anonymous_17)
FNDA:0,(anonymous_19)
FNDA:0,(anonymous_21)
FNDA:0,(anonymous_23)
FNDA:0,(anonymous_25)
FNDA:0,(anonymous_27)
FNDA:0,(anonymous_29)
FNDA:0,(anonymous_31)
DA:1,0
DA:3,0
DA:4,0
DA:7,0
DA:10,0
DA:12,0
DA:15,0
DA:16,0
DA:20,0
DA:21,0
DA:25,0
DA:26,0
DA:30,0
DA:31,0
DA:35,0
DA:37,0
DA:41,0
DA:42,0
DA:46,0
DA:47,0
DA:51,0
DA:52,0
DA:53,0
DA:57,0
DA:58,0
DA:62,0
DA:63,0
DA:67,0
DA:68,0
LF:29
LH:0
BRDA:30,0,0,0
BRDA:30,0,1,0
BRDA:30,1,0,0
BRDA:35,2,0,0
BRDA:35,2,1,0
BRDA:35,3,0,0
BRDA:46,4,0,0
BRDA:46,4,1,0
BRDA:46,5,0,0
BRDA:12,6,0,0
BRDA:12,6,1,0
BRDA:12,7,0,0
BRF:12
BRH:0
end_of_record
TN:
SF:/Users/luki/Applications/javascript/nestjs-realworld-example-app/src/article/article.dto.ts
FNF:0
FNH:0
DA:1,0
DA:8,0
LF:2
LH:0
BRF:0
BRH:0
end_of_record
TN:
SF:/Users/luki/Applications/javascript/nestjs-realworld-example-app/src/article/article.entity.ts
FN:30,(anonymous_2)
FN:23,(anonymous_3)
FN:26,(anonymous_4)
FN:37,(anonymous_5)
FN:41,(anonymous_6)
FN:41,(anonymous_7)
FNF:6
FNH:5
FNDA:0,(anonymous_2)
FNDA:1,(anonymous_3)
FNDA:1,(anonymous_4)
FNDA:1,(anonymous_5)
FNDA:1,(anonymous_6)
FNDA:1,(anonymous_7)
DA:1,1
DA:2,1
DA:3,1
DA:6,1
DA:9,1
DA:12,1
DA:15,1
DA:18,1
DA:21,1
DA:23,1
DA:24,1
DA:26,1
DA:27,1
DA:30,1
DA:31,0
DA:35,1
DA:37,1
DA:39,1
DA:41,1
DA:43,1
DA:46,1
LF:21
LH:20
BRDA:39,0,0,1
BRDA:39,0,1,0
BRDA:39,1,0,1
BRF:3
BRH:2
end_of_record
TN:
SF:/Users/luki/Applications/javascript/nestjs-realworld-example-app/src/article/article.module.ts
FN:20,(anonymous_1)
FNF:1
FNH:0
FNDA:0,(anonymous_1)
DA:1,0
DA:2,0
DA:3,0
DA:4,0
DA:5,0
DA:6,0
DA:7,0
DA:8,0
DA:10,0
DA:19,0
LF:10
LH:0
BRF:0
BRH:0
end_of_record
TN:
SF:/Users/luki/Applications/javascript/nestjs-realworld-example-app/src/article/article.service.ts
FN:15,(anonymous_10)
FN:26,(anonymous_11)
FN:44,(anonymous_13)
FN:63,(anonymous_14)
FN:65,(anonymous_16)
FN:85,(anonymous_17)
FN:90,(anonymous_19)
FN:103,(anonymous_21)
FN:107,(anonymous_23)
FN:120,(anonymous_24)
FN:124,(anonymous_26)
FN:136,(anonymous_27)
FN:140,(anonymous_29)
FN:154,(anonymous_30)
FN:159,(anonymous_32)
FN:172,(anonymous_34)
FN:179,(anonymous_36)
FN:183,(anonymous_38)
FNF:18
FNH:0
FNDA:0,(anonymous_10)
FNDA:0,(anonymous_11)
FNDA:0,(anonymous_13)
FNDA:0,(anonymous_14)
FNDA:0,(anonymous_16)
FNDA:0,(anonymous_17)
FNDA:0,(anonymous_19)
FNDA:0,(anonymous_21)
FNDA:0,(anonymous_23)
FNDA:0,(anonymous_24)
FNDA:0,(anonymous_26)
FNDA:0,(anonymous_27)
FNDA:0,(anonymous_29)
FNDA:0,(anonymous_30)
FNDA:0,(anonymous_32)
FNDA:0,(anonymous_34)
FNDA:0,(anonymous_36)
FNDA:0,(anonymous_38)
DA:1,0
DA:2,0
DA:3,0
DA:4,0
DA:5,0
DA:6,0
DA:7,0
DA:11,0
DA:14,0
DA:17,0
DA:19,0
DA:21,0
DA:23,0
DA:28,0
DA:31,0
DA:33,0
DA:34,0
DA:37,0
DA:38,0
DA:39,0
DA:42,0
DA:43,0
DA:44,0
DA:45,0
DA:48,0
DA:50,0
DA:51,0
DA:54,0
DA:55,0
DA:58,0
DA:60,0
DA:64,0
DA:65,0
DA:67,0
DA:71,0
DA:73,0
DA:74,0
DA:77,0
DA:78,0
DA:81,0
DA:82,0
DA:86,0
DA:87,0
DA:91,0
DA:93,0
DA:94,0
DA:96,0
DA:98,0
DA:99,0
DA:100,0
DA:104,0
DA:106,0
DA:107,0
DA:109,0
DA:110,0
DA:111,0
DA:112,0
DA:113,0
DA:115,0
DA:121,0
DA:122,0
DA:124,0
DA:125,0
DA:126,0
DA:127,0
DA:129,0
DA:130,0
DA:133,0
DA:137,0
DA:138,0
DA:140,0
DA:142,0
DA:144,0
DA:145,0
DA:147,0
DA:148,0
DA:151,0
DA:155,0
DA:156,0
DA:160,0
DA:161,0
DA:162,0
DA:163,0
DA:164,0
DA:165,0
DA:166,0
DA:167,0
DA:169,0
DA:173,0
DA:174,0
DA:175,0
DA:176,0
DA:180,0
DA:184,0
LF:94
LH:0
BRDA:33,0,0,0
BRDA:33,0,1,0
BRDA:37,1,0,0
BRDA:37,1,1,0
BRDA:42,2,0,0
BRDA:42,2,1,0
BRDA:50,3,0,0
BRDA:50,3,1,0
BRDA:54,4,0,0
BRDA:54,4,1,0
BRDA:73,5,0,0
BRDA:73,5,1,0
BRDA:77,6,0,0
BRDA:77,6,1,0
BRDA:109,7,0,0
BRDA:109,7,1,0
BRDA:125,8,0,0
BRDA:125,8,1,0
BRDA:142,9,0,0
BRDA:142,9,1,0
BRDA:165,10,0,0
BRDA:165,10,1,0
BRDA:17,11,0,0
BRDA:17,11,1,0
BRDA:17,12,0,0
BRDA:17,13,0,0
BRDA:17,13,1,0
BRDA:17,13,2,0
BRDA:17,14,0,0
BRDA:17,14,1,0
BRDA:19,15,0,0
BRDA:19,15,1,0
BRDA:19,15,2,0
BRDA:19,16,0,0
BRDA:19,16,1,0
BRDA:21,17,0,0
BRDA:21,17,1,0
BRDA:21,17,2,0
BRDA:21,18,0,0
BRDA:21,18,1,0
BRF:40
BRH:0
end_of_record
TN:
SF:/Users/luki/Applications/javascript/nestjs-realworld-example-app/src/article/comment.entity.ts
FN:13,(anonymous_2)
FN:13,(anonymous_3)
FNF:2
FNH:2
FNDA:1,(anonymous_2)
FNDA:1,(anonymous_3)
DA:1,1
DA:2,1
DA:5,1
DA:8,1
DA:11,1
DA:13,1
DA:14,1
LF:7
LH:7
BRDA:14,0,0,0
BRDA:14,0,1,1
BRDA:14,1,0,0
BRF:3
BRH:1
end_of_record
TN:
SF:/Users/luki/Applications/javascript/nestjs-realworld-example-app/src/profile/follows.entity.ts
FNF:0
FNH:0
DA:1,1
DA:7,1
DA:10,1
DA:13,1
DA:16,1
LF:5
LH:5
BRF:0
BRH:0
end_of_record
TN:
SF:/Users/luki/Applications/javascript/nestjs-realworld-example-app/src/profile/profile.controller.ts
FN:10,(anonymous_10)
FN:13,(anonymous_11)
FN:18,(anonymous_13)
FN:23,(anonymous_15)
FNF:4
FNH:0
FNDA:0,(anonymous_10)
FNDA:0,(anonymous_11)
FNDA:0,(anonymous_13)
FNDA:0,(anonymous_15)
DA:1,0
DA:3,0
DA:5,0
DA:8,0
DA:10,0
DA:13,0
DA:14,0
DA:18,0
DA:19,0
DA:23,0
DA:24,0
LF:11
LH:0
BRDA:10,0,0,0
BRDA:10,0,1,0
BRDA:10,1,0,0
BRF:3
BRH:0
end_of_record
TN:
SF:/Users/luki/Applications/javascript/nestjs-realworld-example-app/src/profile/profile.module.ts
FN:19,(anonymous_1)
FNF:1
FNH:0
FNDA:0,(anonymous_1)
DA:1,0
DA:2,0
DA:3,0
DA:4,0
DA:5,0
DA:6,0
DA:7,0
DA:8,0
DA:18,0
DA:20,0
LF:10
LH:0
BRF:0
BRH:0
end_of_record
TN:
SF:/Users/luki/Applications/javascript/nestjs-realworld-example-app/src/profile/profile.service.ts
FN:12,(anonymous_10)
FN:19,(anonymous_11)
FN:23,(anonymous_13)
FN:30,(anonymous_15)
FN:50,(anonymous_17)
FN:80,(anonymous_19)
FNF:6
FNH:0
FNDA:0,(anonymous_10)
FNDA:0,(anonymous_11)
FNDA:0,(anonymous_13)
FNDA:0,(anonymous_15)
FNDA:0,(anonymous_17)
FNDA:0,(anonymous_19)
DA:1,0
DA:2,0
DA:3,0
DA:4,0
DA:7,0
DA:8,0
DA:11,0
DA:14,0
DA:16,0
DA:20,0
DA:24,0
DA:25,0
DA:26,0
DA:27,0
DA:31,0
DA:33,0
DA:35,0
DA:41,0
DA:43,0
DA:44,0
DA:47,0
DA:51,0
DA:52,0
DA:55,0
DA:57,0
DA:58,0
DA:61,0
DA:63,0
DA:64,0
DA:65,0
DA:66,0
DA:67,0
DA:70,0
DA:77,0
DA:81,0
DA:82,0
DA:85,0
DA:87,0
DA:88,0
DA:90,0
DA:91,0
DA:93,0
DA:100,0
LF:43
LH:0
BRDA:26,0,0,0
BRDA:26,0,1,0
BRDA:33,1,0,0
BRDA:33,1,1,0
BRDA:43,2,0,0
BRDA:43,2,1,0
BRDA:51,3,0,0
BRDA:51,3,1,0
BRDA:51,4,0,0
BRDA:51,4,1,0
BRDA:57,5,0,0
BRDA:57,5,1,0
BRDA:63,6,0,0
BRDA:63,6,1,0
BRDA:81,7,0,0
BRDA:81,7,1,0
BRDA:81,8,0,0
BRDA:81,8,1,0
BRDA:87,9,0,0
BRDA:87,9,1,0
BRDA:14,10,0,0
BRDA:14,10,1,0
BRDA:14,11,0,0
BRDA:14,12,0,0
BRDA:14,12,1,0
BRDA:14,12,2,0
BRDA:14,13,0,0
BRDA:14,13,1,0
BRF:28
BRH:0
end_of_record
TN:
SF:/Users/luki/Applications/javascript/nestjs-realworld-example-app/src/shared/base.controller.ts
FN:6,(anonymous_0)
FN:8,(anonymous_1)
FNF:2
FNH:0
FNDA:0,(anonymous_0)
FNDA:0,(anonymous_1)
DA:1,0
DA:2,0
DA:4,0
DA:9,0
DA:11,0
DA:12,0
DA:13,0
LF:7
LH:0
BRDA:9,0,0,0
BRDA:9,0,1,0
BRF:2
BRH:0
end_of_record
TN:
SF:/Users/luki/Applications/javascript/nestjs-realworld-example-app/src/tag/tag.controller.ts
FN:10,(anonymous_8)
FN:13,(anonymous_9)
FNF:2
FNH:2
FNDA:1,(anonymous_8)
FNDA:1,(anonymous_9)
DA:1,1
DA:4,1
DA:8,1
DA:10,1
DA:13,1
DA:14,1
LF:6
LH:6
BRDA:10,0,0,1
BRDA:10,0,1,0
BRDA:10,1,0,1
BRF:3
BRH:2
end_of_record
TN:
SF:/Users/luki/Applications/javascript/nestjs-realworld-example-app/src/tag/tag.entity.ts
FNF:0
FNH:0
DA:1,1
DA:7,1
DA:10,1
DA:13,1
LF:4
LH:4
BRF:0
BRH:0
end_of_record
TN:
SF:/Users/luki/Applications/javascript/nestjs-realworld-example-app/src/tag/tag.module.ts
FN:17,(anonymous_1)
FNF:1
FNH:0
FNDA:0,(anonymous_1)
DA:1,0
DA:2,0
DA:3,0
DA:4,0
DA:5,0
DA:6,0
DA:16,0
LF:7
LH:0
BRF:0
BRH:0
end_of_record
TN:
SF:/Users/luki/Applications/javascript/nestjs-realworld-example-app/src/tag/tag.service.ts
FN:8,(anonymous_10)
FN:13,(anonymous_11)
FNF:2
FNH:1
FNDA:1,(anonymous_10)
FNDA:0,(anonymous_11)
DA:1,1
DA:2,1
DA:3,1
DA:4,1
DA:7,1
DA:10,1
DA:14,0
LF:7
LH:6
BRDA:10,0,0,1
BRDA:10,0,1,0
BRDA:10,1,0,1
BRF:3
BRH:2
end_of_record
TN:
SF:/Users/luki/Applications/javascript/nestjs-realworld-example-app/src/user/CustomEmail.ts
FN:7,(anonymous_8)
FN:9,(anonymous_9)
FN:15,(anonymous_11)
FNF:3
FNH:0
FNDA:0,(anonymous_8)
FNDA:0,(anonymous_9)
FNDA:0,(anonymous_11)
DA:1,0
DA:2,0
DA:5,0
DA:7,0
DA:11,0
DA:12,0
DA:16,0
LF:7
LH:0
BRDA:7,0,0,0
BRDA:7,0,1,0
BRDA:7,1,0,0
BRF:3
BRH:0
end_of_record
TN:
SF:/Users/luki/Applications/javascript/nestjs-realworld-example-app/src/user/auth.middleware.ts
FN:11,(anonymous_8)
FN:13,(anonymous_9)
FN:15,(anonymous_10)
FN:15,(anonymous_11)
FNF:4
FNH:0
FNDA:0,(anonymous_8)
FNDA:0,(anonymous_9)
FNDA:0,(anonymous_10)
FNDA:0,(anonymous_11)
DA:1,0
DA:2,0
DA:5,0
DA:6,0
DA:7,0
DA:10,0
DA:11,0
DA:15,0
DA:16,0
DA:17,0
DA:18,0
DA:19,0
DA:21,0
DA:22,0
DA:25,0
DA:26,0
DA:29,0
LF:17
LH:0
BRDA:16,0,0,0
BRDA:16,0,1,0
BRDA:16,1,0,0
BRDA:16,1,1,0
BRDA:21,2,0,0
BRDA:21,2,1,0
BRDA:11,3,0,0
BRDA:11,3,1,0
BRDA:11,4,0,0
BRF:9
BRH:0
end_of_record
TN:
SF:/Users/luki/Applications/javascript/nestjs-realworld-example-app/src/user/user.controller.ts
FN:14,(anonymous_10)
FN:17,(anonymous_11)
FN:22,(anonymous_13)
FN:27,(anonymous_15)
FN:32,(anonymous_17)
FN:37,(anonymous_19)
FNF:6
FNH:0
FNDA:0,(anonymous_10)
FNDA:0,(anonymous_11)
FNDA:0,(anonymous_13)
FNDA:0,(anonymous_15)
FNDA:0,(anonymous_17)
FNDA:0,(anonymous_19)
DA:1,0
DA:3,0
DA:6,0
DA:7,0
DA:8,0
DA:9,0
DA:12,0
DA:14,0
DA:17,0
DA:18,0
DA:22,0
DA:23,0
DA:27,0
DA:28,0
DA:32,0
DA:33,0
DA:37,0
DA:38,0
DA:45,0
DA:47,0
DA:48,0
DA:49,0
DA:50,0
LF:23
LH:0
BRDA:45,0,0,0
BRDA:45,0,1,0
BRDA:22,1,0,0
BRDA:22,1,1,0
BRDA:22,2,0,0
BRDA:27,3,0,0
BRDA:27,3,1,0
BRDA:27,4,0,0
BRDA:37,5,0,0
BRDA:37,5,1,0
BRDA:37,6,0,0
BRDA:14,7,0,0
BRDA:14,7,1,0
BRDA:14,8,0,0
BRF:14
BRH:0
end_of_record
TN:
SF:/Users/luki/Applications/javascript/nestjs-realworld-example-app/src/user/user.decorator.ts
FN:5,(anonymous_0)
FNF:1
FNH:0
FNDA:0,(anonymous_0)
DA:1,0
DA:2,0
DA:3,0
DA:5,0
DA:8,0
DA:9,0
DA:13,0
DA:15,0
DA:16,0
DA:17,0
LF:10
LH:0
BRDA:8,0,0,0
BRDA:8,0,1,0
BRDA:9,1,0,0
BRDA:9,1,1,0
BRDA:13,2,0,0
BRDA:13,2,1,0
BRDA:15,3,0,0
BRDA:15,3,1,0
BRDA:15,4,0,0
BRDA:15,4,1,0
BRDA:17,5,0,0
BRDA:17,5,1,0
BRF:12
BRH:0
end_of_record
TN:
SF:/Users/luki/Applications/javascript/nestjs-realworld-example-app/src/user/user.dto.ts
FNF:0
FNH:0
DA:1,0
DA:7,0
DA:15,0
LF:3
LH:0
BRF:0
BRH:0
end_of_record
TN:
SF:/Users/luki/Applications/javascript/nestjs-realworld-example-app/src/user/user.entity.ts
FN:30,(anonymous_2)
FN:34,(anonymous_3)
FNF:2
FNH:1
FNDA:0,(anonymous_2)
FNDA:1,(anonymous_3)
DA:1,1
DA:2,1
DA:3,1
DA:5,1
DA:8,1
DA:11,1
DA:14,1
DA:18,1
DA:21,1
DA:24,1
DA:27,1
DA:30,1
DA:31,0
DA:34,1
DA:36,1
LF:15
LH:14
BRF:0
BRH:0
end_of_record
TN:
SF:/Users/luki/Applications/javascript/nestjs-realworld-example-app/src/user/user.module.ts
FN:17,(anonymous_1)
FNF:1
FNH:0
FNDA:0,(anonymous_1)
DA:1,0
DA:2,0
DA:3,0
DA:4,0
DA:5,0
DA:6,0
DA:16,0
DA:18,0
LF:8
LH:0
BRF:0
BRH:0
end_of_record
TN:
SF:/Users/luki/Applications/javascript/nestjs-realworld-example-app/src/user/user.service.ts
FN:16,(anonymous_10)
FN:21,(anonymous_11)
FN:25,(anonymous_13)
FN:29,(anonymous_15)
FN:56,(anonymous_17)
FN:66,(anonymous_19)
FN:70,(anonymous_21)
FN:76,(anonymous_23)
FN:82,(anonymous_25)
FNF:9
FNH:0
FNDA:0,(anonymous_10)
FNDA:0,(anonymous_11)
FNDA:0,(anonymous_13)
FNDA:0,(anonymous_15)
FNDA:0,(anonymous_17)
FNDA:0,(anonymous_19)
FNDA:0,(anonymous_21)
FNDA:0,(anonymous_23)
FNDA:0,(anonymous_25)
DA:1,0
DA:2,0
DA:3,0
DA:4,0
DA:6,0
DA:7,0
DA:10,0
DA:11,0
DA:12,0
DA:15,0
DA:18,0
DA:22,0
DA:26,0
DA:31,0
DA:32,0
DA:33,0
DA:34,0
DA:36,0
DA:37,0
DA:38,0
DA:39,0
DA:42,0
DA:43,0
DA:51,0
DA:57,0
DA:58,0
DA:59,0
DA:60,0
DA:62,0
DA:63,0
DA:67,0
DA:71,0
DA:72,0
DA:73,0
DA:77,0
DA:78,0
DA:79,0
DA:83,0
DA:84,0
DA:85,0
DA:87,0
LF:41
LH:0
BRDA:37,0,0,0
BRDA:37,0,1,0
BRDA:60,1,0,0
BRDA:60,1,1,0
BRDA:72,2,0,0
BRDA:72,2,1,0
BRDA:78,3,0,0
BRDA:78,3,1,0
BRDA:18,4,0,0
BRDA:18,4,1,0
BRDA:18,5,0,0
BRF:11
BRH:0
end_of_record
